{"/home/user_ubuntu/AlgoflexPublic/algoflex_backend/.eslintrc.js": {"path":"/home/user_ubuntu/AlgoflexPublic/algoflex_backend/.eslintrc.js","statementMap":{"0":{"start":{"line":1,"column":0},"end":{"line":24,"column":2}}},"fnMap":{},"branchMap":{},"s":{"0":0},"f":{},"b":{},"inputSourceMap":null}
,"/home/user_ubuntu/AlgoflexPublic/algoflex_backend/src/app.module.ts": {"path":"/home/user_ubuntu/AlgoflexPublic/algoflex_backend/src/app.module.ts","statementMap":{"0":{"start":{"line":1,"column":0},"end":{"line":1,"column":40}},"1":{"start":{"line":2,"column":0},"end":{"line":2,"column":48}},"2":{"start":{"line":3,"column":0},"end":{"line":3,"column":46}},"3":{"start":{"line":4,"column":0},"end":{"line":4,"column":60}},"4":{"start":{"line":5,"column":0},"end":{"line":5,"column":48}},"5":{"start":{"line":6,"column":0},"end":{"line":6,"column":51}},"6":{"start":{"line":7,"column":0},"end":{"line":7,"column":60}},"7":{"start":{"line":8,"column":0},"end":{"line":8,"column":54}},"8":{"start":{"line":9,"column":0},"end":{"line":9,"column":33}},"9":{"start":{"line":39,"column":0},"end":{"line":39,"column":null}},"10":{"start":{"line":39,"column":13},"end":{"line":39,"column":null}},"11":{"start":{"line":39,"column":13},"end":{"line":39,"column":22}}},"fnMap":{},"branchMap":{},"s":{"0":0,"1":0,"2":0,"3":0,"4":0,"5":0,"6":0,"7":0,"8":0,"9":0,"10":0,"11":0},"f":{},"b":{}}
,"/home/user_ubuntu/AlgoflexPublic/algoflex_backend/src/main.ts": {"path":"/home/user_ubuntu/AlgoflexPublic/algoflex_backend/src/main.ts","statementMap":{"0":{"start":{"line":1,"column":0},"end":{"line":1,"column":28}},"1":{"start":{"line":2,"column":0},"end":{"line":2,"column":41}},"2":{"start":{"line":3,"column":0},"end":{"line":3,"column":43}},"3":{"start":{"line":4,"column":0},"end":{"line":4,"column":48}},"4":{"start":{"line":5,"column":0},"end":{"line":5,"column":65}},"5":{"start":{"line":7,"column":0},"end":{"line":7,"column":41}},"6":{"start":{"line":8,"column":0},"end":{"line":8,"column":48}},"7":{"start":{"line":10,"column":26},"end":{"line":10,"column":122}},"8":{"start":{"line":13,"column":14},"end":{"line":13,"column":49}},"9":{"start":{"line":14,"column":2},"end":{"line":14,"column":20}},"10":{"start":{"line":15,"column":2},"end":{"line":15,"column":46}},"11":{"start":{"line":17,"column":2},"end":{"line":26,"column":4}},"12":{"start":{"line":28,"column":2},"end":{"line":31,"column":5}},"13":{"start":{"line":32,"column":2},"end":{"line":32,"column":26}},"14":{"start":{"line":34,"column":18},"end":{"line":38,"column":12}},"15":{"start":{"line":39,"column":19},"end":{"line":39,"column":61}},"16":{"start":{"line":40,"column":2},"end":{"line":40,"column":44}},"17":{"start":{"line":42,"column":2},"end":{"line":42,"column":45}},"18":{"start":{"line":44,"column":0},"end":{"line":44,"column":12}}},"fnMap":{"0":{"name":"bootstrap","decl":{"start":{"line":12,"column":15},"end":{"line":12,"column":24}},"loc":{"start":{"line":12,"column":24},"end":{"line":43,"column":1}}}},"branchMap":{"0":{"loc":{"start":{"line":42,"column":19},"end":{"line":42,"column":43}},"type":"binary-expr","locations":[{"start":{"line":42,"column":19},"end":{"line":42,"column":35}},{"start":{"line":42,"column":39},"end":{"line":42,"column":43}}]}},"s":{"0":0,"1":0,"2":0,"3":0,"4":0,"5":0,"6":0,"7":0,"8":0,"9":0,"10":0,"11":0,"12":0,"13":0,"14":0,"15":0,"16":0,"17":0,"18":0},"f":{"0":0},"b":{"0":[0,0]}}
,"/home/user_ubuntu/AlgoflexPublic/algoflex_backend/src/auth/auth.controller.ts": {"path":"/home/user_ubuntu/AlgoflexPublic/algoflex_backend/src/auth/auth.controller.ts","statementMap":{"0":{"start":{"line":1,"column":0},"end":{"line":1,"column":96}},"1":{"start":{"line":2,"column":0},"end":{"line":2,"column":42}},"2":{"start":{"line":4,"column":0},"end":{"line":4,"column":45}},"3":{"start":{"line":6,"column":0},"end":{"line":6,"column":59}},"4":{"start":{"line":7,"column":0},"end":{"line":7,"column":33}},"5":{"start":{"line":11,"column":0},"end":{"line":35,"column":null}},"6":{"start":{"line":12,"column":31},"end":{"line":12,"column":44}},"7":{"start":{"line":16,"column":4},"end":{"line":16,"column":40}},"8":{"start":{"line":22,"column":4},"end":{"line":24,"column":null}},"9":{"start":{"line":23,"column":6},"end":{"line":23,"column":36}},"10":{"start":{"line":25,"column":4},"end":{"line":25,"column":51}},"11":{"start":{"line":30,"column":4},"end":{"line":33,"column":6}},"12":{"start":{"line":15,"column":2},"end":{"line":17,"column":null}},"13":{"start":{"line":21,"column":2},"end":{"line":26,"column":null}},"14":{"start":{"line":29,"column":2},"end":{"line":34,"column":null}},"15":{"start":{"line":11,"column":13},"end":{"line":35,"column":null}},"16":{"start":{"line":11,"column":13},"end":{"line":11,"column":27}}},"fnMap":{"0":{"name":"(anonymous_4)","decl":{"start":{"line":12,"column":2},"end":{"line":12,"column":31}},"loc":{"start":{"line":12,"column":55},"end":{"line":12,"column":59}}},"1":{"name":"(anonymous_5)","decl":{"start":{"line":15,"column":9},"end":{"line":15,"column":14}},"loc":{"start":{"line":15,"column":43},"end":{"line":17,"column":3}}},"2":{"name":"(anonymous_6)","decl":{"start":{"line":21,"column":9},"end":{"line":21,"column":14}},"loc":{"start":{"line":21,"column":50},"end":{"line":26,"column":3}}},"3":{"name":"(anonymous_7)","decl":{"start":{"line":29,"column":9},"end":{"line":29,"column":14}},"loc":{"start":{"line":29,"column":19},"end":{"line":34,"column":3}}}},"branchMap":{"0":{"loc":{"start":{"line":22,"column":4},"end":{"line":24,"column":null}},"type":"if","locations":[{"start":{"line":22,"column":4},"end":{"line":24,"column":null}}]}},"s":{"0":0,"1":0,"2":0,"3":0,"4":0,"5":0,"6":0,"7":0,"8":0,"9":0,"10":0,"11":0,"12":0,"13":0,"14":0,"15":0,"16":0},"f":{"0":0,"1":0,"2":0,"3":0},"b":{"0":[0]}}
,"/home/user_ubuntu/AlgoflexPublic/algoflex_backend/src/auth/auth.module.ts": {"path":"/home/user_ubuntu/AlgoflexPublic/algoflex_backend/src/auth/auth.module.ts","statementMap":{"0":{"start":{"line":1,"column":0},"end":{"line":1,"column":40}},"1":{"start":{"line":2,"column":0},"end":{"line":2,"column":50}},"2":{"start":{"line":3,"column":0},"end":{"line":3,"column":53}},"3":{"start":{"line":4,"column":0},"end":{"line":4,"column":51}},"4":{"start":{"line":5,"column":0},"end":{"line":5,"column":45}},"5":{"start":{"line":6,"column":0},"end":{"line":6,"column":46}},"6":{"start":{"line":7,"column":0},"end":{"line":7,"column":48}},"7":{"start":{"line":8,"column":0},"end":{"line":8,"column":48}},"8":{"start":{"line":9,"column":0},"end":{"line":9,"column":40}},"9":{"start":{"line":22,"column":0},"end":{"line":22,"column":null}},"10":{"start":{"line":22,"column":13},"end":{"line":22,"column":null}},"11":{"start":{"line":22,"column":13},"end":{"line":22,"column":23}}},"fnMap":{},"branchMap":{},"s":{"0":0,"1":0,"2":0,"3":0,"4":0,"5":0,"6":0,"7":0,"8":0,"9":0,"10":0,"11":0},"f":{},"b":{}}
,"/home/user_ubuntu/AlgoflexPublic/algoflex_backend/src/auth/auth.service.ts": {"path":"/home/user_ubuntu/AlgoflexPublic/algoflex_backend/src/auth/auth.service.ts","statementMap":{"0":{"start":{"line":1,"column":0},"end":{"line":1,"column":86}},"1":{"start":{"line":3,"column":0},"end":{"line":3,"column":40}},"2":{"start":{"line":4,"column":0},"end":{"line":4,"column":51}},"3":{"start":{"line":5,"column":0},"end":{"line":5,"column":37}},"4":{"start":{"line":7,"column":0},"end":{"line":7,"column":45}},"5":{"start":{"line":8,"column":0},"end":{"line":8,"column":68}},"6":{"start":{"line":9,"column":0},"end":{"line":9,"column":34}},"7":{"start":{"line":12,"column":24},"end":{"line":19,"column":2}},"8":{"start":{"line":22,"column":0},"end":{"line":65,"column":null}},"9":{"start":{"line":25,"column":21},"end":{"line":25,"column":37}},"10":{"start":{"line":27,"column":4},"end":{"line":27,"column":35}},"11":{"start":{"line":31,"column":17},"end":{"line":31,"column":26}},"12":{"start":{"line":32,"column":4},"end":{"line":39,"column":null}},"13":{"start":{"line":33,"column":30},"end":{"line":33,"column":103}},"14":{"start":{"line":34,"column":20},"end":{"line":34,"column":59}},"15":{"start":{"line":35,"column":6},"end":{"line":35,"column":23}},"16":{"start":{"line":37,"column":6},"end":{"line":37,"column":25}},"17":{"start":{"line":38,"column":6},"end":{"line":38,"column":70}},"18":{"start":{"line":43,"column":38},"end":{"line":43,"column":52}},"19":{"start":{"line":44,"column":22},"end":{"line":44,"column":51}},"20":{"start":{"line":45,"column":4},"end":{"line":47,"column":null}},"21":{"start":{"line":46,"column":6},"end":{"line":46,"column":68}},"22":{"start":{"line":49,"column":17},"end":{"line":54,"column":6}},"23":{"start":{"line":55,"column":4},"end":{"line":55,"column":42}},"24":{"start":{"line":59,"column":4},"end":{"line":59,"column":43}},"25":{"start":{"line":63,"column":4},"end":{"line":63,"column":50}},"26":{"start":{"line":22,"column":13},"end":{"line":65,"column":null}},"27":{"start":{"line":22,"column":13},"end":{"line":22,"column":24}}},"fnMap":{"0":{"name":"(anonymous_4)","decl":{"start":{"line":23,"column":2},"end":{"line":23,"column":null}},"loc":{"start":{"line":25,"column":53},"end":{"line":28,"column":3}}},"1":{"name":"(anonymous_5)","decl":{"start":{"line":30,"column":9},"end":{"line":30,"column":14}},"loc":{"start":{"line":30,"column":39},"end":{"line":40,"column":3}}},"2":{"name":"(anonymous_6)","decl":{"start":{"line":42,"column":9},"end":{"line":42,"column":14}},"loc":{"start":{"line":42,"column":54},"end":{"line":56,"column":3}}},"3":{"name":"(anonymous_7)","decl":{"start":{"line":58,"column":2},"end":{"line":58,"column":7}},"loc":{"start":{"line":58,"column":27},"end":{"line":60,"column":3}}},"4":{"name":"(anonymous_8)","decl":{"start":{"line":62,"column":10},"end":{"line":62,"column":15}},"loc":{"start":{"line":62,"column":53},"end":{"line":64,"column":3}}}},"branchMap":{"0":{"loc":{"start":{"line":45,"column":4},"end":{"line":47,"column":null}},"type":"if","locations":[{"start":{"line":45,"column":4},"end":{"line":47,"column":null}}]}},"s":{"0":1,"1":1,"2":1,"3":1,"4":1,"5":1,"6":1,"7":1,"8":1,"9":1,"10":1,"11":0,"12":0,"13":0,"14":0,"15":0,"16":0,"17":0,"18":0,"19":0,"20":0,"21":0,"22":0,"23":0,"24":0,"25":0,"26":1,"27":1},"f":{"0":1,"1":0,"2":0,"3":0,"4":0},"b":{"0":[0]}}
,"/home/user_ubuntu/AlgoflexPublic/algoflex_backend/src/auth/dto/index.ts": {"path":"/home/user_ubuntu/AlgoflexPublic/algoflex_backend/src/auth/dto/index.ts","statementMap":{"0":{"start":{"line":1,"column":0},"end":{"line":1,"column":28}},"1":{"start":{"line":2,"column":0},"end":{"line":2,"column":31}}},"fnMap":{},"branchMap":{},"s":{"0":0,"1":0},"f":{},"b":{}}
,"/home/user_ubuntu/AlgoflexPublic/algoflex_backend/src/auth/dto/login.dto.ts": {"path":"/home/user_ubuntu/AlgoflexPublic/algoflex_backend/src/auth/dto/login.dto.ts","statementMap":{"0":{"start":{"line":1,"column":0},"end":{"line":1,"column":43}},"1":{"start":{"line":5,"column":2},"end":{"line":5,"column":null}},"2":{"start":{"line":8,"column":2},"end":{"line":8,"column":null}},"3":{"start":{"line":3,"column":0},"end":{"line":3,"column":13}}},"fnMap":{},"branchMap":{},"s":{"0":0,"1":0,"2":0,"3":0},"f":{},"b":{}}
,"/home/user_ubuntu/AlgoflexPublic/algoflex_backend/src/auth/dto/register.dto.ts": {"path":"/home/user_ubuntu/AlgoflexPublic/algoflex_backend/src/auth/dto/register.dto.ts","statementMap":{"0":{"start":{"line":1,"column":0},"end":{"line":1,"column":43}},"1":{"start":{"line":5,"column":2},"end":{"line":5,"column":null}},"2":{"start":{"line":8,"column":2},"end":{"line":8,"column":null}},"3":{"start":{"line":11,"column":2},"end":{"line":11,"column":null}},"4":{"start":{"line":14,"column":2},"end":{"line":14,"column":null}},"5":{"start":{"line":17,"column":2},"end":{"line":17,"column":null}},"6":{"start":{"line":3,"column":0},"end":{"line":3,"column":13}}},"fnMap":{},"branchMap":{},"s":{"0":0,"1":0,"2":0,"3":0,"4":0,"5":0,"6":0},"f":{},"b":{}}
,"/home/user_ubuntu/AlgoflexPublic/algoflex_backend/src/auth/strategies/firebase.strategy.ts": {"path":"/home/user_ubuntu/AlgoflexPublic/algoflex_backend/src/auth/strategies/firebase.strategy.ts","statementMap":{"0":{"start":{"line":1,"column":0},"end":{"line":1,"column":49}},"1":{"start":{"line":2,"column":0},"end":{"line":2,"column":52}},"2":{"start":{"line":3,"column":0},"end":{"line":3,"column":67}},"3":{"start":{"line":4,"column":0},"end":{"line":4,"column":43}},"4":{"start":{"line":9,"column":0},"end":{"line":9,"column":46}},"5":{"start":{"line":12,"column":0},"end":{"line":52,"column":null}},"6":{"start":{"line":22,"column":4},"end":{"line":24,"column":7}},"7":{"start":{"line":23,"column":36},"end":{"line":23,"column":53}},"8":{"start":{"line":21,"column":31},"end":{"line":21,"column":44}},"9":{"start":{"line":15,"column":10},"end":{"line":19,"column":4}},"10":{"start":{"line":26,"column":4},"end":{"line":28,"column":7}},"11":{"start":{"line":32,"column":41},"end":{"line":38,"column":8}},"12":{"start":{"line":36,"column":8},"end":{"line":36,"column":25}},"13":{"start":{"line":37,"column":8},"end":{"line":37,"column":53}},"14":{"start":{"line":39,"column":4},"end":{"line":41,"column":null}},"15":{"start":{"line":40,"column":6},"end":{"line":40,"column":40}},"16":{"start":{"line":42,"column":4},"end":{"line":42,"column":41}},"17":{"start":{"line":46,"column":25},"end":{"line":46,"column":74}},"18":{"start":{"line":47,"column":4},"end":{"line":49,"column":null}},"19":{"start":{"line":48,"column":6},"end":{"line":48,"column":53}},"20":{"start":{"line":50,"column":4},"end":{"line":50,"column":24}},"21":{"start":{"line":12,"column":13},"end":{"line":52,"column":null}},"22":{"start":{"line":12,"column":13},"end":{"line":12,"column":29}}},"fnMap":{"0":{"name":"(anonymous_8)","decl":{"start":{"line":21,"column":2},"end":{"line":21,"column":31}},"loc":{"start":{"line":21,"column":55},"end":{"line":29,"column":3}}},"1":{"name":"(anonymous_9)","decl":{"start":{"line":23,"column":22},"end":{"line":23,"column":23}},"loc":{"start":{"line":23,"column":36},"end":{"line":23,"column":53}}},"2":{"name":"(anonymous_10)","decl":{"start":{"line":31,"column":2},"end":{"line":31,"column":7}},"loc":{"start":{"line":31,"column":30},"end":{"line":43,"column":3}}},"3":{"name":"(anonymous_11)","decl":{"start":{"line":35,"column":13},"end":{"line":35,"column":14}},"loc":{"start":{"line":35,"column":26},"end":{"line":38,"column":7}}},"4":{"name":"(anonymous_12)","decl":{"start":{"line":45,"column":2},"end":{"line":45,"column":7}},"loc":{"start":{"line":45,"column":47},"end":{"line":51,"column":3}}}},"branchMap":{"0":{"loc":{"start":{"line":39,"column":4},"end":{"line":41,"column":null}},"type":"if","locations":[{"start":{"line":39,"column":4},"end":{"line":41,"column":null}}]},"1":{"loc":{"start":{"line":47,"column":4},"end":{"line":49,"column":null}},"type":"if","locations":[{"start":{"line":47,"column":4},"end":{"line":49,"column":null}}]}},"s":{"0":0,"1":0,"2":0,"3":0,"4":0,"5":0,"6":0,"7":0,"8":0,"9":0,"10":0,"11":0,"12":0,"13":0,"14":0,"15":0,"16":0,"17":0,"18":0,"19":0,"20":0,"21":0,"22":0},"f":{"0":0,"1":0,"2":0,"3":0,"4":0},"b":{"0":[0],"1":[0]}}
,"/home/user_ubuntu/AlgoflexPublic/algoflex_backend/src/auth/strategies/index.ts": {"path":"/home/user_ubuntu/AlgoflexPublic/algoflex_backend/src/auth/strategies/index.ts","statementMap":{"0":{"start":{"line":1,"column":0},"end":{"line":1,"column":36}}},"fnMap":{},"branchMap":{},"s":{"0":0},"f":{},"b":{}}
,"/home/user_ubuntu/AlgoflexPublic/algoflex_backend/src/common/custom-slugify.ts": {"path":"/home/user_ubuntu/AlgoflexPublic/algoflex_backend/src/common/custom-slugify.ts","statementMap":{"0":{"start":{"line":1,"column":0},"end":{"line":1,"column":30}},"1":{"start":{"line":13,"column":2},"end":{"line":16,"column":5}},"2":{"start":{"line":12,"column":0},"end":{"line":12,"column":16}}},"fnMap":{"0":{"name":"customSlugify","decl":{"start":{"line":12,"column":16},"end":{"line":12,"column":29}},"loc":{"start":{"line":12,"column":69},"end":{"line":17,"column":1}}}},"branchMap":{},"s":{"0":8,"1":4,"2":8},"f":{"0":4},"b":{}}
,"/home/user_ubuntu/AlgoflexPublic/algoflex_backend/src/common/index.ts": {"path":"/home/user_ubuntu/AlgoflexPublic/algoflex_backend/src/common/index.ts","statementMap":{"0":{"start":{"line":1,"column":0},"end":{"line":1,"column":29}},"1":{"start":{"line":2,"column":0},"end":{"line":2,"column":25}},"2":{"start":{"line":3,"column":0},"end":{"line":3,"column":25}},"3":{"start":{"line":4,"column":0},"end":{"line":4,"column":33}}},"fnMap":{},"branchMap":{},"s":{"0":8,"1":8,"2":8,"3":8},"f":{},"b":{}}
,"/home/user_ubuntu/AlgoflexPublic/algoflex_backend/src/common/decorators/index.ts": {"path":"/home/user_ubuntu/AlgoflexPublic/algoflex_backend/src/common/decorators/index.ts","statementMap":{"0":{"start":{"line":1,"column":0},"end":{"line":1,"column":33}},"1":{"start":{"line":2,"column":0},"end":{"line":2,"column":28}}},"fnMap":{},"branchMap":{},"s":{"0":8,"1":8},"f":{},"b":{}}
,"/home/user_ubuntu/AlgoflexPublic/algoflex_backend/src/common/decorators/role.decorator.ts": {"path":"/home/user_ubuntu/AlgoflexPublic/algoflex_backend/src/common/decorators/role.decorator.ts","statementMap":{"0":{"start":{"line":1,"column":0},"end":{"line":1,"column":45}},"1":{"start":{"line":4,"column":13},"end":{"line":4,"column":33}},"2":{"start":{"line":5,"column":21},"end":{"line":5,"column":72}},"3":{"start":{"line":5,"column":43},"end":{"line":5,"column":72}},"4":{"start":{"line":5,"column":13},"end":{"line":5,"column":21}}},"fnMap":{"0":{"name":"(anonymous_0)","decl":{"start":{"line":5,"column":21},"end":{"line":5,"column":22}},"loc":{"start":{"line":5,"column":43},"end":{"line":5,"column":72}}}},"branchMap":{},"s":{"0":8,"1":8,"2":8,"3":10,"4":8},"f":{"0":10},"b":{}}
,"/home/user_ubuntu/AlgoflexPublic/algoflex_backend/src/common/decorators/role.enum.ts": {"path":"/home/user_ubuntu/AlgoflexPublic/algoflex_backend/src/common/decorators/role.enum.ts","statementMap":{"0":{"start":{"line":1,"column":0},"end":{"line":1,"column":null}},"1":{"start":{"line":2,"column":2},"end":{"line":2,"column":null}},"2":{"start":{"line":3,"column":2},"end":{"line":3,"column":null}}},"fnMap":{"0":{"name":"(anonymous_0)","decl":{"start":{"line":1,"column":0},"end":{"line":1,"column":12}},"loc":{"start":{"line":1,"column":16},"end":{"line":4,"column":1}}}},"branchMap":{"0":{"loc":{"start":{"line":1,"column":12},"end":{"line":1,"column":null}},"type":"binary-expr","locations":[{"start":{"line":1,"column":12},"end":{"line":1,"column":16}},{"start":{"line":1,"column":12},"end":{"line":1,"column":null}}]}},"s":{"0":8,"1":8,"2":8},"f":{"0":8},"b":{"0":[8,8]}}
,"/home/user_ubuntu/AlgoflexPublic/algoflex_backend/src/common/guards/firebase-auth.guard.ts": {"path":"/home/user_ubuntu/AlgoflexPublic/algoflex_backend/src/common/guards/firebase-auth.guard.ts","statementMap":{"0":{"start":{"line":1,"column":0},"end":{"line":1,"column":62}},"1":{"start":{"line":2,"column":0},"end":{"line":2,"column":45}},"2":{"start":{"line":3,"column":0},"end":{"line":3,"column":41}},"3":{"start":{"line":6,"column":0},"end":{"line":17,"column":null}},"4":{"start":{"line":8,"column":4},"end":{"line":8,"column":12}},"5":{"start":{"line":7,"column":22},"end":{"line":7,"column":33}},"6":{"start":{"line":11,"column":21},"end":{"line":11,"column":116}},"7":{"start":{"line":12,"column":4},"end":{"line":14,"column":null}},"8":{"start":{"line":13,"column":6},"end":{"line":13,"column":18}},"9":{"start":{"line":15,"column":4},"end":{"line":15,"column":38}},"10":{"start":{"line":6,"column":13},"end":{"line":17,"column":null}},"11":{"start":{"line":6,"column":13},"end":{"line":6,"column":30}}},"fnMap":{"0":{"name":"(anonymous_2)","decl":{"start":{"line":7,"column":2},"end":{"line":7,"column":22}},"loc":{"start":{"line":7,"column":42},"end":{"line":9,"column":3}}},"1":{"name":"(anonymous_3)","decl":{"start":{"line":10,"column":2},"end":{"line":10,"column":13}},"loc":{"start":{"line":10,"column":39},"end":{"line":16,"column":3}}}},"branchMap":{"0":{"loc":{"start":{"line":12,"column":4},"end":{"line":14,"column":null}},"type":"if","locations":[{"start":{"line":12,"column":4},"end":{"line":14,"column":null}}]}},"s":{"0":8,"1":8,"2":8,"3":8,"4":41,"5":41,"6":0,"7":0,"8":0,"9":0,"10":8,"11":8},"f":{"0":41,"1":0},"b":{"0":[0]}}
,"/home/user_ubuntu/AlgoflexPublic/algoflex_backend/src/common/guards/index.ts": {"path":"/home/user_ubuntu/AlgoflexPublic/algoflex_backend/src/common/guards/index.ts","statementMap":{"0":{"start":{"line":1,"column":0},"end":{"line":1,"column":38}},"1":{"start":{"line":2,"column":0},"end":{"line":2,"column":30}}},"fnMap":{},"branchMap":{},"s":{"0":8,"1":8},"f":{},"b":{}}
,"/home/user_ubuntu/AlgoflexPublic/algoflex_backend/src/common/guards/roles.guard.ts": {"path":"/home/user_ubuntu/AlgoflexPublic/algoflex_backend/src/common/guards/roles.guard.ts","statementMap":{"0":{"start":{"line":1,"column":0},"end":{"line":1,"column":75}},"1":{"start":{"line":2,"column":0},"end":{"line":2,"column":41}},"2":{"start":{"line":3,"column":0},"end":{"line":3,"column":48}},"3":{"start":{"line":6,"column":0},"end":{"line":21,"column":null}},"4":{"start":{"line":7,"column":22},"end":{"line":7,"column":33}},"5":{"start":{"line":10,"column":26},"end":{"line":13,"column":6}},"6":{"start":{"line":14,"column":4},"end":{"line":16,"column":null}},"7":{"start":{"line":15,"column":6},"end":{"line":15,"column":18}},"8":{"start":{"line":17,"column":21},"end":{"line":17,"column":56}},"9":{"start":{"line":19,"column":4},"end":{"line":19,"column":42}},"10":{"start":{"line":6,"column":13},"end":{"line":21,"column":null}},"11":{"start":{"line":6,"column":13},"end":{"line":6,"column":23}}},"fnMap":{"0":{"name":"(anonymous_2)","decl":{"start":{"line":7,"column":2},"end":{"line":7,"column":22}},"loc":{"start":{"line":7,"column":42},"end":{"line":7,"column":46}}},"1":{"name":"(anonymous_3)","decl":{"start":{"line":9,"column":2},"end":{"line":9,"column":13}},"loc":{"start":{"line":9,"column":39},"end":{"line":20,"column":3}}}},"branchMap":{"0":{"loc":{"start":{"line":14,"column":4},"end":{"line":16,"column":null}},"type":"if","locations":[{"start":{"line":14,"column":4},"end":{"line":16,"column":null}}]}},"s":{"0":8,"1":8,"2":8,"3":8,"4":41,"5":0,"6":0,"7":0,"8":0,"9":0,"10":8,"11":8},"f":{"0":41,"1":0},"b":{"0":[0]}}
,"/home/user_ubuntu/AlgoflexPublic/algoflex_backend/src/common/models/index.ts": {"path":"/home/user_ubuntu/AlgoflexPublic/algoflex_backend/src/common/models/index.ts","statementMap":{"0":{"start":{"line":1,"column":0},"end":{"line":1,"column":37}}},"fnMap":{},"branchMap":{},"s":{"0":8},"f":{},"b":{}}
,"/home/user_ubuntu/AlgoflexPublic/algoflex_backend/src/database/database.module.ts": {"path":"/home/user_ubuntu/AlgoflexPublic/algoflex_backend/src/database/database.module.ts","statementMap":{"0":{"start":{"line":1,"column":0},"end":{"line":1,"column":55}},"1":{"start":{"line":2,"column":0},"end":{"line":2,"column":62}},"2":{"start":{"line":5,"column":27},"end":{"line":17,"column":null}},"3":{"start":{"line":7,"column":4},"end":{"line":15,"column":6}},"4":{"start":{"line":5,"column":13},"end":{"line":17,"column":null}},"5":{"start":{"line":5,"column":13},"end":{"line":5,"column":27}}},"fnMap":{"0":{"name":"(anonymous_1)","decl":{"start":{"line":6,"column":2},"end":{"line":6,"column":8}},"loc":{"start":{"line":6,"column":44},"end":{"line":16,"column":3}}}},"branchMap":{},"s":{"0":0,"1":0,"2":0,"3":0,"4":0,"5":0},"f":{"0":0},"b":{}}
,"/home/user_ubuntu/AlgoflexPublic/algoflex_backend/src/gateways/build.module.ts": {"path":"/home/user_ubuntu/AlgoflexPublic/algoflex_backend/src/gateways/build.module.ts","statementMap":{"0":{"start":{"line":1,"column":0},"end":{"line":1,"column":40}},"1":{"start":{"line":2,"column":0},"end":{"line":2,"column":48}},"2":{"start":{"line":4,"column":0},"end":{"line":4,"column":50}},"3":{"start":{"line":5,"column":0},"end":{"line":5,"column":96}},"4":{"start":{"line":6,"column":0},"end":{"line":6,"column":95}},"5":{"start":{"line":7,"column":0},"end":{"line":7,"column":82}},"6":{"start":{"line":8,"column":0},"end":{"line":8,"column":81}},"7":{"start":{"line":9,"column":0},"end":{"line":9,"column":40}},"8":{"start":{"line":10,"column":0},"end":{"line":10,"column":59}},"9":{"start":{"line":11,"column":0},"end":{"line":11,"column":74}},"10":{"start":{"line":25,"column":0},"end":{"line":25,"column":null}},"11":{"start":{"line":25,"column":13},"end":{"line":25,"column":null}},"12":{"start":{"line":25,"column":13},"end":{"line":25,"column":24}}},"fnMap":{},"branchMap":{},"s":{"0":0,"1":0,"2":0,"3":0,"4":0,"5":0,"6":0,"7":0,"8":0,"9":0,"10":0,"11":0,"12":0},"f":{},"b":{}}
,"/home/user_ubuntu/AlgoflexPublic/algoflex_backend/src/gateways/autocomplete/autocomplete.gateway.ts": {"path":"/home/user_ubuntu/AlgoflexPublic/algoflex_backend/src/gateways/autocomplete/autocomplete.gateway.ts","statementMap":{"0":{"start":{"line":1,"column":0},"end":{"line":1,"column":96}},"1":{"start":{"line":4,"column":0},"end":{"line":4,"column":71}},"2":{"start":{"line":5,"column":0},"end":{"line":5,"column":40}},"3":{"start":{"line":8,"column":0},"end":{"line":54,"column":null}},"4":{"start":{"line":10,"column":10},"end":{"line":10,"column":61}},"5":{"start":{"line":13,"column":4},"end":{"line":13,"column":62}},"6":{"start":{"line":14,"column":23},"end":{"line":17,"column":6}},"7":{"start":{"line":19,"column":4},"end":{"line":19,"column":116}},"8":{"start":{"line":20,"column":35},"end":{"line":20,"column":56}},"9":{"start":{"line":21,"column":23},"end":{"line":21,"column":66}},"10":{"start":{"line":22,"column":4},"end":{"line":22,"column":56}},"11":{"start":{"line":26,"column":4},"end":{"line":26,"column":36}},"12":{"start":{"line":27,"column":4},"end":{"line":27,"column":35}},"13":{"start":{"line":31,"column":4},"end":{"line":52,"column":6}},"14":{"start":{"line":32,"column":30},"end":{"line":32,"column":53}},"15":{"start":{"line":34,"column":9},"end":{"line":43,"column":9}},"16":{"start":{"line":36,"column":25},"end":{"line":36,"column":58}},"17":{"start":{"line":37,"column":10},"end":{"line":41,"column":null}},"18":{"start":{"line":38,"column":12},"end":{"line":40,"column":15}},"19":{"start":{"line":39,"column":14},"end":{"line":39,"column":61}},"20":{"start":{"line":42,"column":10},"end":{"line":42,"column":37}},"21":{"start":{"line":45,"column":9},"end":{"line":49,"column":9}},"22":{"start":{"line":46,"column":10},"end":{"line":48,"column":null}},"23":{"start":{"line":47,"column":12},"end":{"line":47,"column":32}},"24":{"start":{"line":50,"column":24},"end":{"line":50,"column":83}},"25":{"start":{"line":50,"column":55},"end":{"line":50,"column":83}},"26":{"start":{"line":51,"column":21},"end":{"line":51,"column":38}},"27":{"start":{"line":8,"column":13},"end":{"line":54,"column":null}},"28":{"start":{"line":8,"column":13},"end":{"line":8,"column":32}}},"fnMap":{"0":{"name":"(anonymous_7)","decl":{"start":{"line":8,"column":0},"end":{"line":8,"column":13}},"loc":{"start":{"line":8,"column":0},"end":{"line":54,"column":1}}},"1":{"name":"(anonymous_8)","decl":{"start":{"line":12,"column":2},"end":{"line":12,"column":18}},"loc":{"start":{"line":12,"column":47},"end":{"line":23,"column":3}}},"2":{"name":"(anonymous_9)","decl":{"start":{"line":25,"column":2},"end":{"line":25,"column":18}},"loc":{"start":{"line":25,"column":31},"end":{"line":28,"column":3}}},"3":{"name":"(anonymous_10)","decl":{"start":{"line":30,"column":10},"end":{"line":30,"column":18}},"loc":{"start":{"line":30,"column":39},"end":{"line":53,"column":3}}},"4":{"name":"(anonymous_11)","decl":{"start":{"line":32,"column":12},"end":{"line":32,"column":13}},"loc":{"start":{"line":32,"column":30},"end":{"line":32,"column":53}}},"5":{"name":"(anonymous_12)","decl":{"start":{"line":33,"column":17},"end":{"line":33,"column":18}},"loc":{"start":{"line":34,"column":9},"end":{"line":43,"column":9}}},"6":{"name":"(anonymous_13)","decl":{"start":{"line":34,"column":31},"end":{"line":34,"column":32}},"loc":{"start":{"line":34,"column":46},"end":{"line":43,"column":9}}},"7":{"name":"(anonymous_14)","decl":{"start":{"line":38,"column":63},"end":{"line":38,"column":64}},"loc":{"start":{"line":38,"column":102},"end":{"line":40,"column":13}}},"8":{"name":"(anonymous_15)","decl":{"start":{"line":44,"column":15},"end":{"line":44,"column":16}},"loc":{"start":{"line":45,"column":9},"end":{"line":49,"column":9}}},"9":{"name":"(anonymous_16)","decl":{"start":{"line":45,"column":29},"end":{"line":45,"column":30}},"loc":{"start":{"line":45,"column":39},"end":{"line":49,"column":9}}},"10":{"name":"(anonymous_17)","decl":{"start":{"line":50,"column":15},"end":{"line":50,"column":16}},"loc":{"start":{"line":50,"column":24},"end":{"line":50,"column":83}}},"11":{"name":"(anonymous_18)","decl":{"start":{"line":50,"column":44},"end":{"line":50,"column":45}},"loc":{"start":{"line":50,"column":55},"end":{"line":50,"column":83}}},"12":{"name":"(anonymous_19)","decl":{"start":{"line":51,"column":15},"end":{"line":51,"column":18}},"loc":{"start":{"line":51,"column":21},"end":{"line":51,"column":38}}}},"branchMap":{"0":{"loc":{"start":{"line":37,"column":10},"end":{"line":41,"column":null}},"type":"if","locations":[{"start":{"line":37,"column":10},"end":{"line":41,"column":null}}]},"1":{"loc":{"start":{"line":46,"column":10},"end":{"line":48,"column":null}},"type":"if","locations":[{"start":{"line":46,"column":10},"end":{"line":48,"column":null}}]}},"s":{"0":0,"1":0,"2":0,"3":0,"4":0,"5":0,"6":0,"7":0,"8":0,"9":0,"10":0,"11":0,"12":0,"13":0,"14":0,"15":0,"16":0,"17":0,"18":0,"19":0,"20":0,"21":0,"22":0,"23":0,"24":0,"25":0,"26":0,"27":0,"28":0},"f":{"0":0,"1":0,"2":0,"3":0,"4":0,"5":0,"6":0,"7":0,"8":0,"9":0,"10":0,"11":0,"12":0},"b":{"0":[0],"1":[0]}}
,"/home/user_ubuntu/AlgoflexPublic/algoflex_backend/src/gateways/compilation/build.gateway.ts": {"path":"/home/user_ubuntu/AlgoflexPublic/algoflex_backend/src/gateways/compilation/build.gateway.ts","statementMap":{"0":{"start":{"line":1,"column":0},"end":{"line":1,"column":37}},"1":{"start":{"line":2,"column":0},"end":{"line":2,"column":51}},"2":{"start":{"line":3,"column":0},"end":{"line":3,"column":null}},"3":{"start":{"line":10,"column":0},"end":{"line":10,"column":40}},"4":{"start":{"line":11,"column":0},"end":{"line":11,"column":39}},"5":{"start":{"line":13,"column":0},"end":{"line":13,"column":95}},"6":{"start":{"line":15,"column":0},"end":{"line":15,"column":55}},"7":{"start":{"line":16,"column":0},"end":{"line":16,"column":81}},"8":{"start":{"line":17,"column":0},"end":{"line":17,"column":66}},"9":{"start":{"line":18,"column":0},"end":{"line":18,"column":45}},"10":{"start":{"line":21,"column":0},"end":{"line":139,"column":null}},"11":{"start":{"line":25,"column":21},"end":{"line":25,"column":47}},"12":{"start":{"line":27,"column":21},"end":{"line":27,"column":43}},"13":{"start":{"line":28,"column":21},"end":{"line":28,"column":39}},"14":{"start":{"line":33,"column":10},"end":{"line":33,"column":53}},"15":{"start":{"line":34,"column":10},"end":{"line":34,"column":54}},"16":{"start":{"line":36,"column":10},"end":{"line":36,"column":26}},"17":{"start":{"line":37,"column":10},"end":{"line":37,"column":24}},"18":{"start":{"line":38,"column":10},"end":{"line":38,"column":26}},"19":{"start":{"line":42,"column":4},"end":{"line":44,"column":null}},"20":{"start":{"line":43,"column":6},"end":{"line":43,"column":13}},"21":{"start":{"line":46,"column":4},"end":{"line":46,"column":39}},"22":{"start":{"line":47,"column":27},"end":{"line":47,"column":72}},"23":{"start":{"line":48,"column":4},"end":{"line":48,"column":31}},"24":{"start":{"line":49,"column":4},"end":{"line":49,"column":90}},"25":{"start":{"line":50,"column":4},"end":{"line":50,"column":33}},"26":{"start":{"line":52,"column":4},"end":{"line":58,"column":6}},"27":{"start":{"line":63,"column":4},"end":{"line":65,"column":null}},"28":{"start":{"line":64,"column":6},"end":{"line":64,"column":13}},"29":{"start":{"line":67,"column":27},"end":{"line":67,"column":72}},"30":{"start":{"line":68,"column":24},"end":{"line":68,"column":56}},"31":{"start":{"line":69,"column":17},"end":{"line":69,"column":45}},"32":{"start":{"line":71,"column":4},"end":{"line":71,"column":59}},"33":{"start":{"line":73,"column":4},"end":{"line":77,"column":null}},"34":{"start":{"line":74,"column":6},"end":{"line":74,"column":41}},"35":{"start":{"line":75,"column":6},"end":{"line":75,"column":52}},"36":{"start":{"line":76,"column":6},"end":{"line":76,"column":94}},"37":{"start":{"line":79,"column":4},"end":{"line":85,"column":7}},"38":{"start":{"line":86,"column":4},"end":{"line":86,"column":24}},"39":{"start":{"line":90,"column":4},"end":{"line":90,"column":36}},"40":{"start":{"line":91,"column":4},"end":{"line":91,"column":24}},"41":{"start":{"line":95,"column":18},"end":{"line":95,"column":37}},"42":{"start":{"line":96,"column":4},"end":{"line":96,"column":32}},"43":{"start":{"line":98,"column":4},"end":{"line":98,"column":62}},"44":{"start":{"line":102,"column":30},"end":{"line":102,"column":61}},"45":{"start":{"line":103,"column":24},"end":{"line":106,"column":6}},"46":{"start":{"line":104,"column":29},"end":{"line":104,"column":46}},"47":{"start":{"line":105,"column":6},"end":{"line":105,"column":30}},"48":{"start":{"line":108,"column":4},"end":{"line":110,"column":null}},"49":{"start":{"line":109,"column":6},"end":{"line":109,"column":46}},"50":{"start":{"line":111,"column":23},"end":{"line":111,"column":45}},"51":{"start":{"line":113,"column":4},"end":{"line":113,"column":17}},"52":{"start":{"line":117,"column":4},"end":{"line":117,"column":67}},"53":{"start":{"line":121,"column":4},"end":{"line":125,"column":null}},"54":{"start":{"line":122,"column":6},"end":{"line":122,"column":41}},"55":{"start":{"line":123,"column":6},"end":{"line":123,"column":32}},"56":{"start":{"line":124,"column":6},"end":{"line":124,"column":27}},"57":{"start":{"line":129,"column":27},"end":{"line":129,"column":82}},"58":{"start":{"line":130,"column":4},"end":{"line":132,"column":null}},"59":{"start":{"line":131,"column":6},"end":{"line":131,"column":105}},"60":{"start":{"line":133,"column":4},"end":{"line":133,"column":26}},"61":{"start":{"line":137,"column":4},"end":{"line":137,"column":55}},"62":{"start":{"line":32,"column":2},"end":{"line":32,"column":null}},"63":{"start":{"line":41,"column":2},"end":{"line":59,"column":null}},"64":{"start":{"line":62,"column":2},"end":{"line":87,"column":null}},"65":{"start":{"line":21,"column":13},"end":{"line":139,"column":null}},"66":{"start":{"line":21,"column":13},"end":{"line":21,"column":25}}},"fnMap":{"0":{"name":"(anonymous_5)","decl":{"start":{"line":23,"column":2},"end":{"line":23,"column":null}},"loc":{"start":{"line":28,"column":55},"end":{"line":29,"column":6}}},"1":{"name":"(anonymous_6)","decl":{"start":{"line":41,"column":2},"end":{"line":41,"column":7}},"loc":{"start":{"line":41,"column":68},"end":{"line":59,"column":3}}},"2":{"name":"(anonymous_7)","decl":{"start":{"line":62,"column":2},"end":{"line":62,"column":7}},"loc":{"start":{"line":62,"column":32},"end":{"line":87,"column":3}}},"3":{"name":"(anonymous_8)","decl":{"start":{"line":89,"column":2},"end":{"line":89,"column":18}},"loc":{"start":{"line":89,"column":37},"end":{"line":92,"column":3}}},"4":{"name":"(anonymous_9)","decl":{"start":{"line":94,"column":2},"end":{"line":94,"column":7}},"loc":{"start":{"line":94,"column":54},"end":{"line":99,"column":3}}},"5":{"name":"(anonymous_10)","decl":{"start":{"line":101,"column":10},"end":{"line":101,"column":18}},"loc":{"start":{"line":101,"column":27},"end":{"line":114,"column":3}}},"6":{"name":"(anonymous_11)","decl":{"start":{"line":103,"column":37},"end":{"line":103,"column":43}},"loc":{"start":{"line":103,"column":46},"end":{"line":106,"column":5}}},"7":{"name":"(anonymous_12)","decl":{"start":{"line":116,"column":10},"end":{"line":116,"column":15}},"loc":{"start":{"line":116,"column":39},"end":{"line":118,"column":3}}},"8":{"name":"(anonymous_13)","decl":{"start":{"line":120,"column":10},"end":{"line":120,"column":22}},"loc":{"start":{"line":120,"column":22},"end":{"line":126,"column":3}}},"9":{"name":"(anonymous_14)","decl":{"start":{"line":128,"column":10},"end":{"line":128,"column":15}},"loc":{"start":{"line":128,"column":52},"end":{"line":134,"column":3}}},"10":{"name":"(anonymous_15)","decl":{"start":{"line":136,"column":10},"end":{"line":136,"column":15}},"loc":{"start":{"line":136,"column":61},"end":{"line":138,"column":3}}}},"branchMap":{"0":{"loc":{"start":{"line":42,"column":4},"end":{"line":44,"column":null}},"type":"if","locations":[{"start":{"line":42,"column":4},"end":{"line":44,"column":null}}]},"1":{"loc":{"start":{"line":63,"column":4},"end":{"line":65,"column":null}},"type":"if","locations":[{"start":{"line":63,"column":4},"end":{"line":65,"column":null}}]},"2":{"loc":{"start":{"line":73,"column":4},"end":{"line":77,"column":null}},"type":"if","locations":[{"start":{"line":73,"column":4},"end":{"line":77,"column":null}}]},"3":{"loc":{"start":{"line":73,"column":8},"end":{"line":73,"column":35}},"type":"binary-expr","locations":[{"start":{"line":73,"column":8},"end":{"line":73,"column":19}},{"start":{"line":73,"column":23},"end":{"line":73,"column":35}}]},"4":{"loc":{"start":{"line":102,"column":30},"end":{"line":102,"column":61}},"type":"cond-expr","locations":[{"start":{"line":102,"column":41},"end":{"line":102,"column":43}},{"start":{"line":102,"column":41},"end":{"line":102,"column":61}}]},"5":{"loc":{"start":{"line":102,"column":30},"end":{"line":102,"column":43}},"type":"binary-expr","locations":[{"start":{"line":102,"column":30},"end":{"line":102,"column":43}},{"start":{"line":102,"column":41},"end":{"line":102,"column":43}}]},"6":{"loc":{"start":{"line":108,"column":4},"end":{"line":110,"column":null}},"type":"if","locations":[{"start":{"line":108,"column":4},"end":{"line":110,"column":null}}]},"7":{"loc":{"start":{"line":121,"column":4},"end":{"line":125,"column":null}},"type":"if","locations":[{"start":{"line":121,"column":4},"end":{"line":125,"column":null}}]},"8":{"loc":{"start":{"line":130,"column":4},"end":{"line":132,"column":null}},"type":"if","locations":[{"start":{"line":130,"column":4},"end":{"line":132,"column":null}}]}},"s":{"0":0,"1":0,"2":0,"3":0,"4":0,"5":0,"6":0,"7":0,"8":0,"9":0,"10":0,"11":0,"12":0,"13":0,"14":0,"15":0,"16":0,"17":0,"18":0,"19":0,"20":0,"21":0,"22":0,"23":0,"24":0,"25":0,"26":0,"27":0,"28":0,"29":0,"30":0,"31":0,"32":0,"33":0,"34":0,"35":0,"36":0,"37":0,"38":0,"39":0,"40":0,"41":0,"42":0,"43":0,"44":0,"45":0,"46":0,"47":0,"48":0,"49":0,"50":0,"51":0,"52":0,"53":0,"54":0,"55":0,"56":0,"57":0,"58":0,"59":0,"60":0,"61":0,"62":0,"63":0,"64":0,"65":0,"66":0},"f":{"0":0,"1":0,"2":0,"3":0,"4":0,"5":0,"6":0,"7":0,"8":0,"9":0,"10":0},"b":{"0":[0],"1":[0],"2":[0],"3":[0,0],"4":[0,0],"5":[0,0],"6":[0],"7":[0],"8":[0]}}
,"/home/user_ubuntu/AlgoflexPublic/algoflex_backend/src/gateways/compilation/build_listener.ts": {"path":"/home/user_ubuntu/AlgoflexPublic/algoflex_backend/src/gateways/compilation/build_listener.ts","statementMap":{"0":{"start":{"line":1,"column":0},"end":{"line":1,"column":31}},"1":{"start":{"line":2,"column":0},"end":{"line":2,"column":28}},"2":{"start":{"line":3,"column":0},"end":{"line":3,"column":45}},"3":{"start":{"line":4,"column":19},"end":{"line":4,"column":39}},"4":{"start":{"line":5,"column":21},"end":{"line":5,"column":43}},"5":{"start":{"line":6,"column":21},"end":{"line":6,"column":43}},"6":{"start":{"line":17,"column":4},"end":{"line":21,"column":7}},"7":{"start":{"line":22,"column":4},"end":{"line":22,"column":33}},"8":{"start":{"line":26,"column":4},"end":{"line":29,"column":7}},"9":{"start":{"line":31,"column":25},"end":{"line":37,"column":6}},"10":{"start":{"line":39,"column":27},"end":{"line":45,"column":6}},"11":{"start":{"line":47,"column":27},"end":{"line":53,"column":6}},"12":{"start":{"line":55,"column":4},"end":{"line":59,"column":7}},"13":{"start":{"line":63,"column":26},"end":{"line":63,"column":45}},"14":{"start":{"line":64,"column":4},"end":{"line":64,"column":48}},"15":{"start":{"line":65,"column":4},"end":{"line":65,"column":25}},"16":{"start":{"line":69,"column":4},"end":{"line":69,"column":39}},"17":{"start":{"line":71,"column":4},"end":{"line":71,"column":38}},"18":{"start":{"line":73,"column":4},"end":{"line":73,"column":41}},"19":{"start":{"line":75,"column":4},"end":{"line":75,"column":81}},"20":{"start":{"line":79,"column":4},"end":{"line":79,"column":41}},"21":{"start":{"line":80,"column":4},"end":{"line":87,"column":null}},"22":{"start":{"line":81,"column":6},"end":{"line":86,"column":9}},"23":{"start":{"line":82,"column":8},"end":{"line":85,"column":null}},"24":{"start":{"line":83,"column":10},"end":{"line":83,"column":40}},"25":{"start":{"line":84,"column":10},"end":{"line":84,"column":35}},"26":{"start":{"line":88,"column":4},"end":{"line":88,"column":40}},"27":{"start":{"line":89,"column":4},"end":{"line":91,"column":null}},"28":{"start":{"line":90,"column":6},"end":{"line":90,"column":30}},"29":{"start":{"line":95,"column":4},"end":{"line":95,"column":37}},"30":{"start":{"line":99,"column":4},"end":{"line":99,"column":37}},"31":{"start":{"line":103,"column":4},"end":{"line":107,"column":7}},"32":{"start":{"line":108,"column":4},"end":{"line":108,"column":32}},"33":{"start":{"line":112,"column":4},"end":{"line":112,"column":28}},"34":{"start":{"line":116,"column":18},"end":{"line":116,"column":57}},"35":{"start":{"line":117,"column":4},"end":{"line":119,"column":null}},"36":{"start":{"line":118,"column":6},"end":{"line":118,"column":42}},"37":{"start":{"line":120,"column":4},"end":{"line":120,"column":54}},"38":{"start":{"line":124,"column":4},"end":{"line":124,"column":61}},"39":{"start":{"line":124,"column":36},"end":{"line":124,"column":59}},"40":{"start":{"line":128,"column":4},"end":{"line":128,"column":156}},"41":{"start":{"line":132,"column":4},"end":{"line":132,"column":156}},"42":{"start":{"line":8,"column":0},"end":{"line":8,"column":21}}},"fnMap":{"0":{"name":"(anonymous_1)","decl":{"start":{"line":16,"column":2},"end":{"line":16,"column":null}},"loc":{"start":{"line":16,"column":2},"end":{"line":23,"column":3}}},"1":{"name":"(anonymous_2)","decl":{"start":{"line":25,"column":10},"end":{"line":25,"column":15}},"loc":{"start":{"line":25,"column":54},"end":{"line":60,"column":3}}},"2":{"name":"(anonymous_3)","decl":{"start":{"line":62,"column":9},"end":{"line":62,"column":15}},"loc":{"start":{"line":62,"column":56},"end":{"line":66,"column":3}}},"3":{"name":"(anonymous_4)","decl":{"start":{"line":68,"column":9},"end":{"line":68,"column":14}},"loc":{"start":{"line":68,"column":20},"end":{"line":76,"column":3}}},"4":{"name":"(anonymous_5)","decl":{"start":{"line":78,"column":9},"end":{"line":78,"column":14}},"loc":{"start":{"line":78,"column":39},"end":{"line":92,"column":3}}},"5":{"name":"(anonymous_6)","decl":{"start":{"line":81,"column":33},"end":{"line":81,"column":36}},"loc":{"start":{"line":81,"column":38},"end":{"line":86,"column":7}}},"6":{"name":"(anonymous_7)","decl":{"start":{"line":94,"column":9},"end":{"line":94,"column":21}},"loc":{"start":{"line":94,"column":21},"end":{"line":96,"column":3}}},"7":{"name":"(anonymous_8)","decl":{"start":{"line":98,"column":9},"end":{"line":98,"column":21}},"loc":{"start":{"line":98,"column":21},"end":{"line":100,"column":3}}},"8":{"name":"(anonymous_9)","decl":{"start":{"line":102,"column":9},"end":{"line":102,"column":14}},"loc":{"start":{"line":102,"column":28},"end":{"line":109,"column":3}}},"9":{"name":"(anonymous_10)","decl":{"start":{"line":111,"column":9},"end":{"line":111,"column":19}},"loc":{"start":{"line":111,"column":19},"end":{"line":113,"column":3}}},"10":{"name":"(anonymous_11)","decl":{"start":{"line":115,"column":9},"end":{"line":115,"column":14}},"loc":{"start":{"line":115,"column":24},"end":{"line":121,"column":3}}},"11":{"name":"(anonymous_12)","decl":{"start":{"line":123,"column":10},"end":{"line":123,"column":15}},"loc":{"start":{"line":123,"column":34},"end":{"line":125,"column":3}}},"12":{"name":"(anonymous_13)","decl":{"start":{"line":124,"column":23},"end":{"line":124,"column":24}},"loc":{"start":{"line":124,"column":36},"end":{"line":124,"column":59}}},"13":{"name":"(anonymous_14)","decl":{"start":{"line":127,"column":9},"end":{"line":127,"column":23}},"loc":{"start":{"line":127,"column":23},"end":{"line":129,"column":3}}},"14":{"name":"(anonymous_15)","decl":{"start":{"line":131,"column":9},"end":{"line":131,"column":23}},"loc":{"start":{"line":131,"column":23},"end":{"line":133,"column":3}}}},"branchMap":{"0":{"loc":{"start":{"line":35,"column":16},"end":{"line":35,"column":39}},"type":"cond-expr","locations":[{"start":{"line":35,"column":33},"end":{"line":35,"column":35}},{"start":{"line":35,"column":33},"end":{"line":35,"column":39}}]},"1":{"loc":{"start":{"line":35,"column":16},"end":{"line":35,"column":35}},"type":"binary-expr","locations":[{"start":{"line":35,"column":16},"end":{"line":35,"column":35}},{"start":{"line":35,"column":33},"end":{"line":35,"column":35}}]},"2":{"loc":{"start":{"line":42,"column":16},"end":{"line":42,"column":39}},"type":"cond-expr","locations":[{"start":{"line":42,"column":33},"end":{"line":42,"column":35}},{"start":{"line":42,"column":33},"end":{"line":42,"column":39}}]},"3":{"loc":{"start":{"line":42,"column":16},"end":{"line":42,"column":35}},"type":"binary-expr","locations":[{"start":{"line":42,"column":16},"end":{"line":42,"column":35}},{"start":{"line":42,"column":33},"end":{"line":42,"column":35}}]},"4":{"loc":{"start":{"line":50,"column":16},"end":{"line":50,"column":39}},"type":"cond-expr","locations":[{"start":{"line":50,"column":33},"end":{"line":50,"column":35}},{"start":{"line":50,"column":33},"end":{"line":50,"column":39}}]},"5":{"loc":{"start":{"line":50,"column":16},"end":{"line":50,"column":35}},"type":"binary-expr","locations":[{"start":{"line":50,"column":16},"end":{"line":50,"column":35}},{"start":{"line":50,"column":33},"end":{"line":50,"column":35}}]},"6":{"loc":{"start":{"line":69,"column":10},"end":{"line":69,"column":38}},"type":"cond-expr","locations":[{"start":{"line":69,"column":29},"end":{"line":69,"column":31}},{"start":{"line":69,"column":29},"end":{"line":69,"column":38}}]},"7":{"loc":{"start":{"line":69,"column":10},"end":{"line":69,"column":31}},"type":"binary-expr","locations":[{"start":{"line":69,"column":10},"end":{"line":69,"column":31}},{"start":{"line":69,"column":29},"end":{"line":69,"column":31}}]},"8":{"loc":{"start":{"line":71,"column":10},"end":{"line":71,"column":37}},"type":"cond-expr","locations":[{"start":{"line":71,"column":29},"end":{"line":71,"column":31}},{"start":{"line":71,"column":29},"end":{"line":71,"column":37}}]},"9":{"loc":{"start":{"line":71,"column":10},"end":{"line":71,"column":31}},"type":"binary-expr","locations":[{"start":{"line":71,"column":10},"end":{"line":71,"column":31}},{"start":{"line":71,"column":29},"end":{"line":71,"column":31}}]},"10":{"loc":{"start":{"line":73,"column":10},"end":{"line":73,"column":40}},"type":"cond-expr","locations":[{"start":{"line":73,"column":31},"end":{"line":73,"column":33}},{"start":{"line":73,"column":31},"end":{"line":73,"column":40}}]},"11":{"loc":{"start":{"line":73,"column":10},"end":{"line":73,"column":33}},"type":"binary-expr","locations":[{"start":{"line":73,"column":10},"end":{"line":73,"column":33}},{"start":{"line":73,"column":31},"end":{"line":73,"column":33}}]},"12":{"loc":{"start":{"line":75,"column":11},"end":{"line":75,"column":80}},"type":"cond-expr","locations":[{"start":{"line":75,"column":68},"end":{"line":75,"column":73}},{"start":{"line":75,"column":76},"end":{"line":75,"column":80}}]},"13":{"loc":{"start":{"line":75,"column":18},"end":{"line":75,"column":47}},"type":"cond-expr","locations":[{"start":{"line":75,"column":39},"end":{"line":75,"column":41}},{"start":{"line":75,"column":39},"end":{"line":75,"column":47}}]},"14":{"loc":{"start":{"line":75,"column":18},"end":{"line":75,"column":41}},"type":"binary-expr","locations":[{"start":{"line":75,"column":18},"end":{"line":75,"column":41}},{"start":{"line":75,"column":39},"end":{"line":75,"column":41}}]},"15":{"loc":{"start":{"line":79,"column":10},"end":{"line":79,"column":40}},"type":"cond-expr","locations":[{"start":{"line":79,"column":31},"end":{"line":79,"column":33}},{"start":{"line":79,"column":31},"end":{"line":79,"column":40}}]},"16":{"loc":{"start":{"line":79,"column":10},"end":{"line":79,"column":33}},"type":"binary-expr","locations":[{"start":{"line":79,"column":10},"end":{"line":79,"column":33}},{"start":{"line":79,"column":31},"end":{"line":79,"column":33}}]},"17":{"loc":{"start":{"line":80,"column":4},"end":{"line":87,"column":null}},"type":"if","locations":[{"start":{"line":80,"column":4},"end":{"line":87,"column":null}}]},"18":{"loc":{"start":{"line":82,"column":8},"end":{"line":85,"column":null}},"type":"if","locations":[{"start":{"line":82,"column":8},"end":{"line":85,"column":null}}]},"19":{"loc":{"start":{"line":83,"column":10},"end":{"line":83,"column":39}},"type":"cond-expr","locations":[{"start":{"line":83,"column":31},"end":{"line":83,"column":33}},{"start":{"line":83,"column":31},"end":{"line":83,"column":39}}]},"20":{"loc":{"start":{"line":83,"column":10},"end":{"line":83,"column":33}},"type":"binary-expr","locations":[{"start":{"line":83,"column":10},"end":{"line":83,"column":33}},{"start":{"line":83,"column":31},"end":{"line":83,"column":33}}]},"21":{"loc":{"start":{"line":88,"column":10},"end":{"line":88,"column":39}},"type":"cond-expr","locations":[{"start":{"line":88,"column":31},"end":{"line":88,"column":33}},{"start":{"line":88,"column":31},"end":{"line":88,"column":39}}]},"22":{"loc":{"start":{"line":88,"column":10},"end":{"line":88,"column":33}},"type":"binary-expr","locations":[{"start":{"line":88,"column":10},"end":{"line":88,"column":33}},{"start":{"line":88,"column":31},"end":{"line":88,"column":33}}]},"23":{"loc":{"start":{"line":89,"column":4},"end":{"line":91,"column":null}},"type":"if","locations":[{"start":{"line":89,"column":4},"end":{"line":91,"column":null}}]},"24":{"loc":{"start":{"line":95,"column":11},"end":{"line":95,"column":36}},"type":"cond-expr","locations":[{"start":{"line":95,"column":32},"end":{"line":95,"column":34}},{"start":{"line":95,"column":32},"end":{"line":95,"column":36}}]},"25":{"loc":{"start":{"line":95,"column":11},"end":{"line":95,"column":34}},"type":"binary-expr","locations":[{"start":{"line":95,"column":11},"end":{"line":95,"column":34}},{"start":{"line":95,"column":32},"end":{"line":95,"column":34}}]},"26":{"loc":{"start":{"line":99,"column":11},"end":{"line":99,"column":36}},"type":"cond-expr","locations":[{"start":{"line":99,"column":32},"end":{"line":99,"column":34}},{"start":{"line":99,"column":32},"end":{"line":99,"column":36}}]},"27":{"loc":{"start":{"line":99,"column":11},"end":{"line":99,"column":34}},"type":"binary-expr","locations":[{"start":{"line":99,"column":11},"end":{"line":99,"column":34}},{"start":{"line":99,"column":32},"end":{"line":99,"column":34}}]},"28":{"loc":{"start":{"line":104,"column":6},"end":{"line":104,"column":50}},"type":"cond-expr","locations":[{"start":{"line":104,"column":25},"end":{"line":104,"column":27}},{"start":{"line":104,"column":25},"end":{"line":104,"column":50}}]},"29":{"loc":{"start":{"line":104,"column":6},"end":{"line":104,"column":27}},"type":"binary-expr","locations":[{"start":{"line":104,"column":6},"end":{"line":104,"column":27}},{"start":{"line":104,"column":25},"end":{"line":104,"column":27}}]},"30":{"loc":{"start":{"line":105,"column":6},"end":{"line":105,"column":52}},"type":"cond-expr","locations":[{"start":{"line":105,"column":27},"end":{"line":105,"column":29}},{"start":{"line":105,"column":27},"end":{"line":105,"column":52}}]},"31":{"loc":{"start":{"line":105,"column":6},"end":{"line":105,"column":29}},"type":"binary-expr","locations":[{"start":{"line":105,"column":6},"end":{"line":105,"column":29}},{"start":{"line":105,"column":27},"end":{"line":105,"column":29}}]},"32":{"loc":{"start":{"line":106,"column":6},"end":{"line":106,"column":52}},"type":"cond-expr","locations":[{"start":{"line":106,"column":27},"end":{"line":106,"column":29}},{"start":{"line":106,"column":27},"end":{"line":106,"column":52}}]},"33":{"loc":{"start":{"line":106,"column":6},"end":{"line":106,"column":29}},"type":"binary-expr","locations":[{"start":{"line":106,"column":6},"end":{"line":106,"column":29}},{"start":{"line":106,"column":27},"end":{"line":106,"column":29}}]},"34":{"loc":{"start":{"line":108,"column":4},"end":{"line":108,"column":31}},"type":"cond-expr","locations":[{"start":{"line":108,"column":21},"end":{"line":108,"column":23}},{"start":{"line":108,"column":21},"end":{"line":108,"column":31}}]},"35":{"loc":{"start":{"line":108,"column":4},"end":{"line":108,"column":23}},"type":"binary-expr","locations":[{"start":{"line":108,"column":4},"end":{"line":108,"column":23}},{"start":{"line":108,"column":21},"end":{"line":108,"column":23}}]},"36":{"loc":{"start":{"line":116,"column":24},"end":{"line":116,"column":56}},"type":"cond-expr","locations":[{"start":{"line":116,"column":45},"end":{"line":116,"column":47}},{"start":{"line":116,"column":45},"end":{"line":116,"column":56}}]},"37":{"loc":{"start":{"line":116,"column":24},"end":{"line":116,"column":47}},"type":"binary-expr","locations":[{"start":{"line":116,"column":24},"end":{"line":116,"column":47}},{"start":{"line":116,"column":45},"end":{"line":116,"column":47}}]},"38":{"loc":{"start":{"line":117,"column":4},"end":{"line":119,"column":null}},"type":"if","locations":[{"start":{"line":117,"column":4},"end":{"line":119,"column":null}}]}},"s":{"0":0,"1":0,"2":0,"3":0,"4":0,"5":0,"6":0,"7":0,"8":0,"9":0,"10":0,"11":0,"12":0,"13":0,"14":0,"15":0,"16":0,"17":0,"18":0,"19":0,"20":0,"21":0,"22":0,"23":0,"24":0,"25":0,"26":0,"27":0,"28":0,"29":0,"30":0,"31":0,"32":0,"33":0,"34":0,"35":0,"36":0,"37":0,"38":0,"39":0,"40":0,"41":0,"42":0},"f":{"0":0,"1":0,"2":0,"3":0,"4":0,"5":0,"6":0,"7":0,"8":0,"9":0,"10":0,"11":0,"12":0,"13":0,"14":0},"b":{"0":[0,0],"1":[0,0],"2":[0,0],"3":[0,0],"4":[0,0],"5":[0,0],"6":[0,0],"7":[0,0],"8":[0,0],"9":[0,0],"10":[0,0],"11":[0,0],"12":[0,0],"13":[0,0],"14":[0,0],"15":[0,0],"16":[0,0],"17":[0],"18":[0],"19":[0,0],"20":[0,0],"21":[0,0],"22":[0,0],"23":[0],"24":[0,0],"25":[0,0],"26":[0,0],"27":[0,0],"28":[0,0],"29":[0,0],"30":[0,0],"31":[0,0],"32":[0,0],"33":[0,0],"34":[0,0],"35":[0,0],"36":[0,0],"37":[0,0],"38":[0]}}
,"/home/user_ubuntu/AlgoflexPublic/algoflex_backend/src/gateways/models/DockerTestResult.ts": {"path":"/home/user_ubuntu/AlgoflexPublic/algoflex_backend/src/gateways/models/DockerTestResult.ts","statementMap":{"0":{"start":{"line":1,"column":0},"end":{"line":1,"column":null}},"1":{"start":{"line":2,"column":2},"end":{"line":2,"column":null}},"2":{"start":{"line":3,"column":2},"end":{"line":3,"column":null}},"3":{"start":{"line":4,"column":2},"end":{"line":4,"column":null}},"4":{"start":{"line":5,"column":2},"end":{"line":5,"column":null}}},"fnMap":{"0":{"name":"(anonymous_0)","decl":{"start":{"line":1,"column":0},"end":{"line":1,"column":12}},"loc":{"start":{"line":1,"column":28},"end":{"line":6,"column":1}}}},"branchMap":{"0":{"loc":{"start":{"line":1,"column":12},"end":{"line":1,"column":null}},"type":"binary-expr","locations":[{"start":{"line":1,"column":12},"end":{"line":1,"column":28}},{"start":{"line":1,"column":12},"end":{"line":1,"column":null}}]}},"s":{"0":2,"1":2,"2":2,"3":2,"4":2},"f":{"0":2},"b":{"0":[2,2]}}
,"/home/user_ubuntu/AlgoflexPublic/algoflex_backend/src/gateways/models/index.ts": {"path":"/home/user_ubuntu/AlgoflexPublic/algoflex_backend/src/gateways/models/index.ts","statementMap":{"0":{"start":{"line":1,"column":0},"end":{"line":1,"column":38}},"1":{"start":{"line":2,"column":0},"end":{"line":2,"column":35}}},"fnMap":{},"branchMap":{},"s":{"0":2,"1":2},"f":{},"b":{}}
,"/home/user_ubuntu/AlgoflexPublic/algoflex_backend/src/problems/problems.module.ts": {"path":"/home/user_ubuntu/AlgoflexPublic/algoflex_backend/src/problems/problems.module.ts","statementMap":{"0":{"start":{"line":1,"column":0},"end":{"line":1,"column":40}},"1":{"start":{"line":2,"column":0},"end":{"line":2,"column":83}},"2":{"start":{"line":3,"column":0},"end":{"line":3,"column":69}},"3":{"start":{"line":4,"column":0},"end":{"line":4,"column":54}},"4":{"start":{"line":13,"column":0},"end":{"line":13,"column":null}},"5":{"start":{"line":13,"column":13},"end":{"line":13,"column":null}},"6":{"start":{"line":13,"column":13},"end":{"line":13,"column":27}}},"fnMap":{},"branchMap":{},"s":{"0":0,"1":0,"2":0,"3":0,"4":0,"5":0,"6":0},"f":{},"b":{}}
,"/home/user_ubuntu/AlgoflexPublic/algoflex_backend/src/problems/coding-questions/coding-questions.controller.ts": {"path":"/home/user_ubuntu/AlgoflexPublic/algoflex_backend/src/problems/coding-questions/coding-questions.controller.ts","statementMap":{"0":{"start":{"line":1,"column":0},"end":{"line":1,"column":99}},"1":{"start":{"line":2,"column":0},"end":{"line":2,"column":55}},"2":{"start":{"line":3,"column":0},"end":{"line":3,"column":72}},"3":{"start":{"line":4,"column":0},"end":{"line":4,"column":68}},"4":{"start":{"line":5,"column":0},"end":{"line":5,"column":75}},"5":{"start":{"line":6,"column":0},"end":{"line":6,"column":75}},"6":{"start":{"line":7,"column":0},"end":{"line":7,"column":67}},"7":{"start":{"line":14,"column":0},"end":{"line":59,"column":null}},"8":{"start":{"line":15,"column":31},"end":{"line":15,"column":55}},"9":{"start":{"line":19,"column":4},"end":{"line":21,"column":null}},"10":{"start":{"line":20,"column":6},"end":{"line":20,"column":66}},"11":{"start":{"line":22,"column":4},"end":{"line":22,"column":49}},"12":{"start":{"line":27,"column":4},"end":{"line":27,"column":51}},"13":{"start":{"line":43,"column":4},"end":{"line":43,"column":71}},"14":{"start":{"line":50,"column":4},"end":{"line":50,"column":75}},"15":{"start":{"line":57,"column":4},"end":{"line":57,"column":50}},"16":{"start":{"line":18,"column":2},"end":{"line":23,"column":null}},"17":{"start":{"line":26,"column":2},"end":{"line":28,"column":null}},"18":{"start":{"line":42,"column":2},"end":{"line":44,"column":null}},"19":{"start":{"line":49,"column":2},"end":{"line":51,"column":null}},"20":{"start":{"line":56,"column":2},"end":{"line":58,"column":null}},"21":{"start":{"line":14,"column":13},"end":{"line":59,"column":null}},"22":{"start":{"line":14,"column":13},"end":{"line":14,"column":38}}},"fnMap":{"0":{"name":"(anonymous_4)","decl":{"start":{"line":15,"column":2},"end":{"line":15,"column":31}},"loc":{"start":{"line":15,"column":77},"end":{"line":15,"column":81}}},"1":{"name":"(anonymous_5)","decl":{"start":{"line":18,"column":2},"end":{"line":18,"column":9}},"loc":{"start":{"line":18,"column":53},"end":{"line":23,"column":3}}},"2":{"name":"(anonymous_6)","decl":{"start":{"line":26,"column":2},"end":{"line":26,"column":9}},"loc":{"start":{"line":26,"column":33},"end":{"line":28,"column":3}}},"3":{"name":"(anonymous_7)","decl":{"start":{"line":42,"column":2},"end":{"line":42,"column":8}},"loc":{"start":{"line":42,"column":65},"end":{"line":44,"column":3}}},"4":{"name":"(anonymous_8)","decl":{"start":{"line":49,"column":2},"end":{"line":49,"column":8}},"loc":{"start":{"line":49,"column":90},"end":{"line":51,"column":3}}},"5":{"name":"(anonymous_9)","decl":{"start":{"line":56,"column":2},"end":{"line":56,"column":8}},"loc":{"start":{"line":56,"column":32},"end":{"line":58,"column":3}}}},"branchMap":{"0":{"loc":{"start":{"line":19,"column":4},"end":{"line":21,"column":null}},"type":"if","locations":[{"start":{"line":19,"column":4},"end":{"line":21,"column":null}}]},"1":{"loc":{"start":{"line":19,"column":8},"end":{"line":19,"column":20}},"type":"cond-expr","locations":[{"start":{"line":19,"column":13},"end":{"line":19,"column":15}},{"start":{"line":19,"column":8},"end":{"line":19,"column":20}}]},"2":{"loc":{"start":{"line":19,"column":8},"end":{"line":19,"column":15}},"type":"binary-expr","locations":[{"start":{"line":19,"column":8},"end":{"line":19,"column":15}},{"start":{"line":19,"column":8},"end":{"line":19,"column":15}}]}},"s":{"0":1,"1":1,"2":1,"3":1,"4":1,"5":1,"6":1,"7":1,"8":11,"9":2,"10":0,"11":2,"12":2,"13":2,"14":2,"15":2,"16":1,"17":1,"18":1,"19":1,"20":1,"21":1,"22":1},"f":{"0":11,"1":2,"2":2,"3":2,"4":2,"5":2},"b":{"0":[0],"1":[2,0],"2":[2,2]}}
,"/home/user_ubuntu/AlgoflexPublic/algoflex_backend/src/problems/coding-questions/coding-questions.module.ts": {"path":"/home/user_ubuntu/AlgoflexPublic/algoflex_backend/src/problems/coding-questions/coding-questions.module.ts","statementMap":{"0":{"start":{"line":1,"column":0},"end":{"line":1,"column":40}},"1":{"start":{"line":2,"column":0},"end":{"line":2,"column":68}},"2":{"start":{"line":3,"column":0},"end":{"line":3,"column":74}},"3":{"start":{"line":4,"column":0},"end":{"line":4,"column":48}},"4":{"start":{"line":5,"column":0},"end":{"line":5,"column":67}},"5":{"start":{"line":12,"column":0},"end":{"line":12,"column":null}},"6":{"start":{"line":12,"column":13},"end":{"line":12,"column":null}},"7":{"start":{"line":12,"column":13},"end":{"line":12,"column":34}}},"fnMap":{},"branchMap":{},"s":{"0":0,"1":0,"2":0,"3":0,"4":0,"5":0,"6":0,"7":0},"f":{},"b":{}}
,"/home/user_ubuntu/AlgoflexPublic/algoflex_backend/src/problems/coding-questions/coding-questions.service.ts": {"path":"/home/user_ubuntu/AlgoflexPublic/algoflex_backend/src/problems/coding-questions/coding-questions.service.ts","statementMap":{"0":{"start":{"line":1,"column":0},"end":{"line":1,"column":82}},"1":{"start":{"line":2,"column":0},"end":{"line":2,"column":51}},"2":{"start":{"line":3,"column":0},"end":{"line":3,"column":37}},"3":{"start":{"line":6,"column":0},"end":{"line":6,"column":67}},"4":{"start":{"line":7,"column":0},"end":{"line":7,"column":43}},"5":{"start":{"line":10,"column":0},"end":{"line":70,"column":null}},"6":{"start":{"line":13,"column":21},"end":{"line":13,"column":47}},"7":{"start":{"line":17,"column":4},"end":{"line":17,"column":48}},"8":{"start":{"line":21,"column":4},"end":{"line":25,"column":7}},"9":{"start":{"line":29,"column":27},"end":{"line":29,"column":74}},"10":{"start":{"line":30,"column":4},"end":{"line":32,"column":null}},"11":{"start":{"line":31,"column":6},"end":{"line":31,"column":69}},"12":{"start":{"line":33,"column":4},"end":{"line":33,"column":26}},"13":{"start":{"line":37,"column":16},"end":{"line":37,"column":59}},"14":{"start":{"line":38,"column":33},"end":{"line":38,"column":81}},"15":{"start":{"line":40,"column":4},"end":{"line":42,"column":null}},"16":{"start":{"line":41,"column":6},"end":{"line":41,"column":85}},"17":{"start":{"line":43,"column":24},"end":{"line":45,"column":null}},"18":{"start":{"line":48,"column":4},"end":{"line":48,"column":62}},"19":{"start":{"line":52,"column":27},"end":{"line":54,"column":null}},"20":{"start":{"line":57,"column":4},"end":{"line":59,"column":null}},"21":{"start":{"line":58,"column":6},"end":{"line":58,"column":70}},"22":{"start":{"line":60,"column":4},"end":{"line":60,"column":62}},"23":{"start":{"line":64,"column":27},"end":{"line":64,"column":74}},"24":{"start":{"line":65,"column":4},"end":{"line":67,"column":null}},"25":{"start":{"line":66,"column":6},"end":{"line":66,"column":70}},"26":{"start":{"line":68,"column":4},"end":{"line":68,"column":64}},"27":{"start":{"line":10,"column":13},"end":{"line":70,"column":null}},"28":{"start":{"line":10,"column":13},"end":{"line":10,"column":35}}},"fnMap":{"0":{"name":"(anonymous_4)","decl":{"start":{"line":11,"column":2},"end":{"line":11,"column":null}},"loc":{"start":{"line":13,"column":73},"end":{"line":14,"column":6}}},"1":{"name":"(anonymous_5)","decl":{"start":{"line":16,"column":2},"end":{"line":16,"column":7}},"loc":{"start":{"line":16,"column":15},"end":{"line":18,"column":3}}},"2":{"name":"(anonymous_6)","decl":{"start":{"line":20,"column":2},"end":{"line":20,"column":7}},"loc":{"start":{"line":20,"column":33},"end":{"line":26,"column":3}}},"3":{"name":"(anonymous_7)","decl":{"start":{"line":28,"column":2},"end":{"line":28,"column":7}},"loc":{"start":{"line":28,"column":26},"end":{"line":34,"column":3}}},"4":{"name":"(anonymous_8)","decl":{"start":{"line":36,"column":2},"end":{"line":36,"column":7}},"loc":{"start":{"line":36,"column":63},"end":{"line":49,"column":3}}},"5":{"name":"(anonymous_9)","decl":{"start":{"line":51,"column":2},"end":{"line":51,"column":7}},"loc":{"start":{"line":51,"column":75},"end":{"line":61,"column":3}}},"6":{"name":"(anonymous_10)","decl":{"start":{"line":63,"column":2},"end":{"line":63,"column":7}},"loc":{"start":{"line":63,"column":25},"end":{"line":69,"column":3}}}},"branchMap":{"0":{"loc":{"start":{"line":30,"column":4},"end":{"line":32,"column":null}},"type":"if","locations":[{"start":{"line":30,"column":4},"end":{"line":32,"column":null}}]},"1":{"loc":{"start":{"line":40,"column":4},"end":{"line":42,"column":null}},"type":"if","locations":[{"start":{"line":40,"column":4},"end":{"line":42,"column":null}}]},"2":{"loc":{"start":{"line":57,"column":4},"end":{"line":59,"column":null}},"type":"if","locations":[{"start":{"line":57,"column":4},"end":{"line":59,"column":null}}]},"3":{"loc":{"start":{"line":65,"column":4},"end":{"line":67,"column":null}},"type":"if","locations":[{"start":{"line":65,"column":4},"end":{"line":67,"column":null}}]}},"s":{"0":1,"1":1,"2":1,"3":1,"4":1,"5":1,"6":6,"7":1,"8":1,"9":1,"10":1,"11":0,"12":1,"13":4,"14":4,"15":4,"16":0,"17":4,"18":4,"19":1,"20":1,"21":0,"22":1,"23":1,"24":1,"25":0,"26":1,"27":1,"28":1},"f":{"0":6,"1":1,"2":1,"3":1,"4":4,"5":1,"6":1},"b":{"0":[0],"1":[0],"2":[0],"3":[0]}}
,"/home/user_ubuntu/AlgoflexPublic/algoflex_backend/src/problems/coding-questions/dto/create-coding-question.dto.ts": {"path":"/home/user_ubuntu/AlgoflexPublic/algoflex_backend/src/problems/coding-questions/dto/create-coding-question.dto.ts","statementMap":{"0":{"start":{"line":1,"column":0},"end":{"line":1,"column":43}},"1":{"start":{"line":5,"column":2},"end":{"line":5,"column":null}},"2":{"start":{"line":8,"column":2},"end":{"line":8,"column":null}},"3":{"start":{"line":11,"column":2},"end":{"line":11,"column":null}},"4":{"start":{"line":14,"column":2},"end":{"line":14,"column":null}},"5":{"start":{"line":17,"column":2},"end":{"line":17,"column":null}},"6":{"start":{"line":3,"column":0},"end":{"line":3,"column":13}}},"fnMap":{},"branchMap":{},"s":{"0":1,"1":1,"2":1,"3":1,"4":1,"5":1,"6":1},"f":{},"b":{}}
,"/home/user_ubuntu/AlgoflexPublic/algoflex_backend/src/problems/coding-questions/dto/update-coding-question.dto.ts": {"path":"/home/user_ubuntu/AlgoflexPublic/algoflex_backend/src/problems/coding-questions/dto/update-coding-question.dto.ts","statementMap":{"0":{"start":{"line":1,"column":0},"end":{"line":1,"column":46}},"1":{"start":{"line":2,"column":0},"end":{"line":2,"column":71}},"2":{"start":{"line":4,"column":0},"end":{"line":4,"column":13}}},"fnMap":{},"branchMap":{},"s":{"0":1,"1":1,"2":1},"f":{},"b":{}}
,"/home/user_ubuntu/AlgoflexPublic/algoflex_backend/src/problems/coding-questions/entities/coding-question.entity.ts": {"path":"/home/user_ubuntu/AlgoflexPublic/algoflex_backend/src/problems/coding-questions/entities/coding-question.entity.ts","statementMap":{"0":{"start":{"line":1,"column":0},"end":{"line":1,"column":68}},"1":{"start":{"line":2,"column":0},"end":{"line":2,"column":62}},"2":{"start":{"line":5,"column":0},"end":{"line":26,"column":null}},"3":{"start":{"line":7,"column":2},"end":{"line":7,"column":null}},"4":{"start":{"line":10,"column":2},"end":{"line":10,"column":null}},"5":{"start":{"line":13,"column":2},"end":{"line":13,"column":null}},"6":{"start":{"line":16,"column":2},"end":{"line":16,"column":null}},"7":{"start":{"line":19,"column":2},"end":{"line":19,"column":null}},"8":{"start":{"line":22,"column":2},"end":{"line":22,"column":null}},"9":{"start":{"line":25,"column":2},"end":{"line":25,"column":null}},"10":{"start":{"line":5,"column":13},"end":{"line":26,"column":null}},"11":{"start":{"line":5,"column":13},"end":{"line":5,"column":27}}},"fnMap":{},"branchMap":{},"s":{"0":4,"1":4,"2":4,"3":4,"4":4,"5":4,"6":4,"7":4,"8":4,"9":4,"10":4,"11":4},"f":{},"b":{}}
,"/home/user_ubuntu/AlgoflexPublic/algoflex_backend/src/problems/coding-questions/entities/submission-statistics.ts": {"path":"/home/user_ubuntu/AlgoflexPublic/algoflex_backend/src/problems/coding-questions/entities/submission-statistics.ts","statementMap":{"0":{"start":{"line":1,"column":0},"end":{"line":1,"column":65}},"1":{"start":{"line":4,"column":0},"end":{"line":13,"column":null}},"2":{"start":{"line":6,"column":2},"end":{"line":6,"column":null}},"3":{"start":{"line":9,"column":2},"end":{"line":9,"column":null}},"4":{"start":{"line":12,"column":2},"end":{"line":12,"column":null}},"5":{"start":{"line":4,"column":13},"end":{"line":13,"column":null}},"6":{"start":{"line":4,"column":13},"end":{"line":4,"column":32}}},"fnMap":{},"branchMap":{},"s":{"0":4,"1":4,"2":4,"3":4,"4":4,"5":4,"6":4},"f":{},"b":{}}
,"/home/user_ubuntu/AlgoflexPublic/algoflex_backend/src/problems/coding-questions/test/stub/coding-question.repository.stub.ts": {"path":"/home/user_ubuntu/AlgoflexPublic/algoflex_backend/src/problems/coding-questions/test/stub/coding-question.repository.stub.ts","statementMap":{"0":{"start":{"line":3,"column":44},"end":{"line":3,"column":46}},"1":{"start":{"line":5,"column":13},"end":{"line":33,"column":null}},"2":{"start":{"line":6,"column":18},"end":{"line":6,"column":42}},"3":{"start":{"line":7,"column":45},"end":{"line":7,"column":63}},"4":{"start":{"line":9,"column":8},"end":{"line":9,"column":59}},"5":{"start":{"line":9,"column":44},"end":{"line":9,"column":57}},"6":{"start":{"line":12,"column":8},"end":{"line":14,"column":null}},"7":{"start":{"line":12,"column":41},"end":{"line":12,"column":58}},"8":{"start":{"line":13,"column":12},"end":{"line":13,"column":23}},"9":{"start":{"line":15,"column":8},"end":{"line":15,"column":40}},"10":{"start":{"line":16,"column":8},"end":{"line":16,"column":37}},"11":{"start":{"line":17,"column":8},"end":{"line":17,"column":19}},"12":{"start":{"line":20,"column":32},"end":{"line":20,"column":79}},"13":{"start":{"line":20,"column":61},"end":{"line":20,"column":78}},"14":{"start":{"line":22,"column":8},"end":{"line":24,"column":null}},"15":{"start":{"line":23,"column":12},"end":{"line":23,"column":null}},"16":{"start":{"line":25,"column":8},"end":{"line":25,"column":85}},"17":{"start":{"line":25,"column":60},"end":{"line":25,"column":83}},"18":{"start":{"line":26,"column":8},"end":{"line":26,"column":37}},"19":{"start":{"line":27,"column":8},"end":{"line":27,"column":19}},"20":{"start":{"line":30,"column":8},"end":{"line":30,"column":71}},"21":{"start":{"line":30,"column":60},"end":{"line":30,"column":69}},"22":{"start":{"line":31,"column":8},"end":{"line":31,"column":19}},"23":{"start":{"line":34,"column":44},"end":{"line":36,"column":1}},"24":{"start":{"line":35,"column":4},"end":{"line":35,"column":40}},"25":{"start":{"line":34,"column":13},"end":{"line":34,"column":44}}},"fnMap":{"0":{"name":"(anonymous_0)","decl":{"start":{"line":6,"column":11},"end":{"line":6,"column":14}},"loc":{"start":{"line":6,"column":16},"end":{"line":6,"column":42}}},"1":{"name":"(anonymous_1)","decl":{"start":{"line":7,"column":39},"end":{"line":7,"column":42}},"loc":{"start":{"line":7,"column":45},"end":{"line":7,"column":63}}},"2":{"name":"(anonymous_2)","decl":{"start":{"line":8,"column":42},"end":{"line":8,"column":43}},"loc":{"start":{"line":8,"column":58},"end":{"line":10,"column":5}}},"3":{"name":"(anonymous_3)","decl":{"start":{"line":9,"column":39},"end":{"line":9,"column":40}},"loc":{"start":{"line":9,"column":44},"end":{"line":9,"column":57}}},"4":{"name":"(anonymous_4)","decl":{"start":{"line":11,"column":39},"end":{"line":11,"column":40}},"loc":{"start":{"line":11,"column":63},"end":{"line":18,"column":5}}},"5":{"name":"(anonymous_5)","decl":{"start":{"line":12,"column":36},"end":{"line":12,"column":37}},"loc":{"start":{"line":12,"column":41},"end":{"line":12,"column":58}}},"6":{"name":"(anonymous_6)","decl":{"start":{"line":19,"column":42},"end":{"line":19,"column":43}},"loc":{"start":{"line":19,"column":66},"end":{"line":28,"column":5}}},"7":{"name":"(anonymous_7)","decl":{"start":{"line":20,"column":56},"end":{"line":20,"column":57}},"loc":{"start":{"line":20,"column":61},"end":{"line":20,"column":78}}},"8":{"name":"(anonymous_8)","decl":{"start":{"line":25,"column":55},"end":{"line":25,"column":56}},"loc":{"start":{"line":25,"column":60},"end":{"line":25,"column":83}}},"9":{"name":"(anonymous_9)","decl":{"start":{"line":29,"column":41},"end":{"line":29,"column":44}},"loc":{"start":{"line":29,"column":47},"end":{"line":32,"column":5}}},"10":{"name":"(anonymous_10)","decl":{"start":{"line":30,"column":55},"end":{"line":30,"column":56}},"loc":{"start":{"line":30,"column":60},"end":{"line":30,"column":69}}},"11":{"name":"(anonymous_11)","decl":{"start":{"line":34,"column":44},"end":{"line":34,"column":47}},"loc":{"start":{"line":34,"column":49},"end":{"line":36,"column":1}}}},"branchMap":{"0":{"loc":{"start":{"line":12,"column":8},"end":{"line":14,"column":null}},"type":"if","locations":[{"start":{"line":12,"column":8},"end":{"line":14,"column":null}}]},"1":{"loc":{"start":{"line":22,"column":8},"end":{"line":24,"column":null}},"type":"if","locations":[{"start":{"line":22,"column":8},"end":{"line":24,"column":null}}]}},"s":{"0":1,"1":1,"2":5,"3":2,"4":7,"5":2,"6":5,"7":1,"8":1,"9":4,"10":4,"11":4,"12":1,"13":1,"14":1,"15":0,"16":1,"17":1,"18":1,"19":1,"20":1,"21":1,"22":1,"23":1,"24":7,"25":1},"f":{"0":5,"1":2,"2":7,"3":2,"4":5,"5":1,"6":1,"7":1,"8":1,"9":1,"10":1,"11":7},"b":{"0":[1],"1":[0]}}
,"/home/user_ubuntu/AlgoflexPublic/algoflex_backend/src/problems/coding-questions/test/stub/coding-question.stub.ts": {"path":"/home/user_ubuntu/AlgoflexPublic/algoflex_backend/src/problems/coding-questions/test/stub/coding-question.stub.ts","statementMap":{"0":{"start":{"line":4,"column":39},"end":{"line":10,"column":1}},"1":{"start":{"line":5,"column":4},"end":{"line":9,"column":null}},"2":{"start":{"line":4,"column":13},"end":{"line":4,"column":39}},"3":{"start":{"line":13,"column":34},"end":{"line":23,"column":1}},"4":{"start":{"line":14,"column":4},"end":{"line":22,"column":null}},"5":{"start":{"line":13,"column":13},"end":{"line":13,"column":34}}},"fnMap":{"0":{"name":"(anonymous_0)","decl":{"start":{"line":4,"column":39},"end":{"line":4,"column":63}},"loc":{"start":{"line":4,"column":65},"end":{"line":10,"column":1}}},"1":{"name":"(anonymous_1)","decl":{"start":{"line":13,"column":34},"end":{"line":13,"column":53}},"loc":{"start":{"line":13,"column":55},"end":{"line":23,"column":1}}}},"branchMap":{},"s":{"0":1,"1":20,"2":1,"3":1,"4":20,"5":1},"f":{"0":20,"1":20},"b":{}}
,"/home/user_ubuntu/AlgoflexPublic/algoflex_backend/src/problems/coding-questions/test/stub/create-coding-question.stub.ts": {"path":"/home/user_ubuntu/AlgoflexPublic/algoflex_backend/src/problems/coding-questions/test/stub/create-coding-question.stub.ts","statementMap":{"0":{"start":{"line":4,"column":43},"end":{"line":12,"column":1}},"1":{"start":{"line":5,"column":4},"end":{"line":11,"column":null}},"2":{"start":{"line":4,"column":13},"end":{"line":4,"column":43}}},"fnMap":{"0":{"name":"(anonymous_0)","decl":{"start":{"line":4,"column":43},"end":{"line":4,"column":71}},"loc":{"start":{"line":4,"column":73},"end":{"line":12,"column":1}}}},"branchMap":{},"s":{"0":2,"1":8,"2":2},"f":{"0":8},"b":{}}
,"/home/user_ubuntu/AlgoflexPublic/algoflex_backend/src/problems/submissions/submissions.controller.ts": {"path":"/home/user_ubuntu/AlgoflexPublic/algoflex_backend/src/problems/submissions/submissions.controller.ts","statementMap":{"0":{"start":{"line":1,"column":0},"end":{"line":1,"column":120}},"1":{"start":{"line":2,"column":0},"end":{"line":2,"column":59}},"2":{"start":{"line":3,"column":0},"end":{"line":3,"column":66}},"3":{"start":{"line":4,"column":0},"end":{"line":4,"column":66}},"4":{"start":{"line":5,"column":0},"end":{"line":5,"column":42}},"5":{"start":{"line":6,"column":0},"end":{"line":6,"column":85}},"6":{"start":{"line":11,"column":0},"end":{"line":55,"column":null}},"7":{"start":{"line":12,"column":31},"end":{"line":12,"column":51}},"8":{"start":{"line":16,"column":4},"end":{"line":18,"column":null}},"9":{"start":{"line":17,"column":6},"end":{"line":17,"column":40}},"10":{"start":{"line":19,"column":4},"end":{"line":19,"column":57}},"11":{"start":{"line":24,"column":4},"end":{"line":26,"column":null}},"12":{"start":{"line":25,"column":6},"end":{"line":25,"column":40}},"13":{"start":{"line":27,"column":4},"end":{"line":27,"column":61}},"14":{"start":{"line":32,"column":4},"end":{"line":34,"column":null}},"15":{"start":{"line":33,"column":6},"end":{"line":33,"column":40}},"16":{"start":{"line":35,"column":4},"end":{"line":35,"column":77}},"17":{"start":{"line":44,"column":4},"end":{"line":46,"column":null}},"18":{"start":{"line":45,"column":6},"end":{"line":45,"column":40}},"19":{"start":{"line":47,"column":4},"end":{"line":47,"column":91}},"20":{"start":{"line":53,"column":4},"end":{"line":53,"column":46}},"21":{"start":{"line":15,"column":2},"end":{"line":20,"column":null}},"22":{"start":{"line":23,"column":2},"end":{"line":28,"column":null}},"23":{"start":{"line":31,"column":2},"end":{"line":36,"column":null}},"24":{"start":{"line":39,"column":2},"end":{"line":48,"column":null}},"25":{"start":{"line":52,"column":2},"end":{"line":54,"column":null}},"26":{"start":{"line":11,"column":13},"end":{"line":55,"column":null}},"27":{"start":{"line":11,"column":13},"end":{"line":11,"column":34}}},"fnMap":{"0":{"name":"(anonymous_4)","decl":{"start":{"line":12,"column":2},"end":{"line":12,"column":31}},"loc":{"start":{"line":12,"column":69},"end":{"line":12,"column":73}}},"1":{"name":"(anonymous_5)","decl":{"start":{"line":15,"column":2},"end":{"line":15,"column":9}},"loc":{"start":{"line":15,"column":33},"end":{"line":20,"column":3}}},"2":{"name":"(anonymous_6)","decl":{"start":{"line":23,"column":2},"end":{"line":23,"column":9}},"loc":{"start":{"line":23,"column":58},"end":{"line":28,"column":3}}},"3":{"name":"(anonymous_7)","decl":{"start":{"line":31,"column":2},"end":{"line":31,"column":8}},"loc":{"start":{"line":31,"column":82},"end":{"line":36,"column":3}}},"4":{"name":"(anonymous_8)","decl":{"start":{"line":39,"column":2},"end":{"line":39,"column":8}},"loc":{"start":{"line":42,"column":52},"end":{"line":48,"column":3}}},"5":{"name":"(anonymous_9)","decl":{"start":{"line":52,"column":2},"end":{"line":52,"column":8}},"loc":{"start":{"line":52,"column":32},"end":{"line":54,"column":3}}}},"branchMap":{"0":{"loc":{"start":{"line":16,"column":4},"end":{"line":18,"column":null}},"type":"if","locations":[{"start":{"line":16,"column":4},"end":{"line":18,"column":null}}]},"1":{"loc":{"start":{"line":24,"column":4},"end":{"line":26,"column":null}},"type":"if","locations":[{"start":{"line":24,"column":4},"end":{"line":26,"column":null}}]},"2":{"loc":{"start":{"line":32,"column":4},"end":{"line":34,"column":null}},"type":"if","locations":[{"start":{"line":32,"column":4},"end":{"line":34,"column":null}}]},"3":{"loc":{"start":{"line":44,"column":4},"end":{"line":46,"column":null}},"type":"if","locations":[{"start":{"line":44,"column":4},"end":{"line":46,"column":null}}]}},"s":{"0":1,"1":1,"2":1,"3":1,"4":1,"5":1,"6":1,"7":11,"8":2,"9":0,"10":2,"11":2,"12":0,"13":2,"14":2,"15":0,"16":2,"17":2,"18":0,"19":2,"20":2,"21":1,"22":1,"23":1,"24":1,"25":1,"26":1,"27":1},"f":{"0":11,"1":2,"2":2,"3":2,"4":2,"5":2},"b":{"0":[0],"1":[0],"2":[0],"3":[0]}}
[...]
,"/home/user_ubuntu/AlgoflexPublic/algoflex_backend/src/users/users.module.ts": {"path":"/home/user_ubuntu/AlgoflexPublic/algoflex_backend/src/users/users.module.ts","statementMap":{"0":{"start":{"line":1,"column":0},"end":{"line":1,"column":40}},"1":{"start":{"line":2,"column":0},"end":{"line":2,"column":48}},"2":{"start":{"line":3,"column":0},"end":{"line":3,"column":32}},"3":{"start":{"line":4,"column":0},"end":{"line":4,"column":52}},"4":{"start":{"line":5,"column":0},"end":{"line":5,"column":47}},"5":{"start":{"line":6,"column":0},"end":{"line":6,"column":62}},"6":{"start":{"line":17,"column":0},"end":{"line":17,"column":null}},"7":{"start":{"line":17,"column":13},"end":{"line":17,"column":null}},"8":{"start":{"line":17,"column":13},"end":{"line":17,"column":24}}},"fnMap":{},"branchMap":{},"s":{"0":0,"1":0,"2":0,"3":0,"4":0,"5":0,"6":0,"7":0,"8":0},"f":{},"b":{}}
,"/home/user_ubuntu/AlgoflexPublic/algoflex_backend/src/users/users.service.ts": {"path":"/home/user_ubuntu/AlgoflexPublic/algoflex_backend/src/users/users.service.ts","statementMap":{"0":{"start":{"line":1,"column":0},"end":{"line":1,"column":63}},"1":{"start":{"line":2,"column":0},"end":{"line":2,"column":51}},"2":{"start":{"line":3,"column":0},"end":{"line":3,"column":37}},"3":{"start":{"line":4,"column":0},"end":{"line":4,"column":32}},"4":{"start":{"line":7,"column":0},"end":{"line":32,"column":null}},"5":{"start":{"line":10,"column":21},"end":{"line":10,"column":37}},"6":{"start":{"line":14,"column":4},"end":{"line":14,"column":38}},"7":{"start":{"line":18,"column":17},"end":{"line":18,"column":54}},"8":{"start":{"line":19,"column":4},"end":{"line":21,"column":null}},"9":{"start":{"line":20,"column":6},"end":{"line":20,"column":58}},"10":{"start":{"line":22,"column":4},"end":{"line":22,"column":16}},"11":{"start":{"line":26,"column":17},"end":{"line":26,"column":54}},"12":{"start":{"line":27,"column":4},"end":{"line":29,"column":null}},"13":{"start":{"line":28,"column":6},"end":{"line":28,"column":66}},"14":{"start":{"line":30,"column":4},"end":{"line":30,"column":44}},"15":{"start":{"line":7,"column":13},"end":{"line":32,"column":null}},"16":{"start":{"line":7,"column":13},"end":{"line":7,"column":25}}},"fnMap":{"0":{"name":"(anonymous_4)","decl":{"start":{"line":8,"column":2},"end":{"line":8,"column":null}},"loc":{"start":{"line":10,"column":53},"end":{"line":11,"column":6}}},"1":{"name":"(anonymous_5)","decl":{"start":{"line":13,"column":2},"end":{"line":13,"column":7}},"loc":{"start":{"line":13,"column":15},"end":{"line":15,"column":3}}},"2":{"name":"(anonymous_6)","decl":{"start":{"line":17,"column":2},"end":{"line":17,"column":7}},"loc":{"start":{"line":17,"column":27},"end":{"line":23,"column":3}}},"3":{"name":"(anonymous_7)","decl":{"start":{"line":25,"column":2},"end":{"line":25,"column":7}},"loc":{"start":{"line":25,"column":25},"end":{"line":31,"column":3}}}},"branchMap":{"0":{"loc":{"start":{"line":19,"column":4},"end":{"line":21,"column":null}},"type":"if","locations":[{"start":{"line":19,"column":4},"end":{"line":21,"column":null}}]},"1":{"loc":{"start":{"line":27,"column":4},"end":{"line":29,"column":null}},"type":"if","locations":[{"start":{"line":27,"column":4},"end":{"line":29,"column":null}}]}},"s":{"0":1,"1":1,"2":1,"3":1,"4":1,"5":4,"6":1,"7":1,"8":1,"9":0,"10":1,"11":1,"12":1,"13":0,"14":1,"15":1,"16":1},"f":{"0":4,"1":1,"2":1,"3":1},"b":{"0":[0],"1":[0]}}
,"/home/user_ubuntu/AlgoflexPublic/algoflex_backend/src/users/dto/create-user.dto.ts": {"path":"/home/user_ubuntu/AlgoflexPublic/algoflex_backend/src/users/dto/create-user.dto.ts","statementMap":{"0":{"start":{"line":1,"column":0},"end":{"line":1,"column":43}},"1":{"start":{"line":5,"column":2},"end":{"line":5,"column":null}},"2":{"start":{"line":8,"column":2},"end":{"line":8,"column":null}},"3":{"start":{"line":11,"column":2},"end":{"line":11,"column":null}},"4":{"start":{"line":14,"column":2},"end":{"line":14,"column":null}},"5":{"start":{"line":3,"column":0},"end":{"line":3,"column":13}}},"fnMap":{},"branchMap":{},"s":{"0":0,"1":0,"2":0,"3":0,"4":0,"5":0},"f":{},"b":{}}
,"/home/user_ubuntu/AlgoflexPublic/algoflex_backend/src/users/dto/index.ts": {"path":"/home/user_ubuntu/AlgoflexPublic/algoflex_backend/src/users/dto/index.ts","statementMap":{"0":{"start":{"line":1,"column":0},"end":{"line":1,"column":34}},"1":{"start":{"line":2,"column":0},"end":{"line":2,"column":34}}},"fnMap":{},"branchMap":{},"s":{"0":0,"1":0},"f":{},"b":{}}
,"/home/user_ubuntu/AlgoflexPublic/algoflex_backend/src/users/dto/update-user.dto.ts": {"path":"/home/user_ubuntu/AlgoflexPublic/algoflex_backend/src/users/dto/update-user.dto.ts","statementMap":{"0":{"start":{"line":1,"column":0},"end":{"line":1,"column":43}},"1":{"start":{"line":5,"column":2},"end":{"line":5,"column":null}},"2":{"start":{"line":8,"column":2},"end":{"line":8,"column":null}},"3":{"start":{"line":11,"column":2},"end":{"line":11,"column":null}},"4":{"start":{"line":14,"column":2},"end":{"line":14,"column":null}},"5":{"start":{"line":3,"column":0},"end":{"line":3,"column":13}}},"fnMap":{},"branchMap":{},"s":{"0":0,"1":0,"2":0,"3":0,"4":0,"5":0},"f":{},"b":{}}
,"/home/user_ubuntu/AlgoflexPublic/algoflex_backend/src/users/entity/index.ts": {"path":"/home/user_ubuntu/AlgoflexPublic/algoflex_backend/src/users/entity/index.ts","statementMap":{"0":{"start":{"line":1,"column":0},"end":{"line":1,"column":30}}},"fnMap":{},"branchMap":{},"s":{"0":2},"f":{},"b":{}}
,"/home/user_ubuntu/AlgoflexPublic/algoflex_backend/src/users/entity/user.entity.ts": {"path":"/home/user_ubuntu/AlgoflexPublic/algoflex_backend/src/users/entity/user.entity.ts","statementMap":{"0":{"start":{"line":1,"column":0},"end":{"line":1,"column":56}},"1":{"start":{"line":2,"column":0},"end":{"line":2,"column":46}},"2":{"start":{"line":5,"column":0},"end":{"line":27,"column":null}},"3":{"start":{"line":7,"column":2},"end":{"line":7,"column":null}},"4":{"start":{"line":10,"column":2},"end":{"line":10,"column":null}},"5":{"start":{"line":13,"column":2},"end":{"line":13,"column":null}},"6":{"start":{"line":16,"column":2},"end":{"line":16,"column":null}},"7":{"start":{"line":19,"column":2},"end":{"line":19,"column":null}},"8":{"start":{"line":22,"column":2},"end":{"line":22,"column":null}},"9":{"start":{"line":26,"column":2},"end":{"line":26,"column":null}},"10":{"start":{"line":5,"column":13},"end":{"line":27,"column":null}},"11":{"start":{"line":5,"column":13},"end":{"line":5,"column":17}}},"fnMap":{},"branchMap":{},"s":{"0":2,"1":2,"2":2,"3":2,"4":2,"5":2,"6":2,"7":2,"8":2,"9":2,"10":2,"11":2},"f":{},"b":{}}
,"/home/user_ubuntu/AlgoflexPublic/algoflex_backend/src/users/test/stubs/base-request.stub.ts": {"path":"/home/user_ubuntu/AlgoflexPublic/algoflex_backend/src/users/test/stubs/base-request.stub.ts","statementMap":{"0":{"start":{"line":3,"column":31},"end":{"line":12,"column":1}},"1":{"start":{"line":4,"column":4},"end":{"line":11,"column":null}},"2":{"start":{"line":3,"column":13},"end":{"line":3,"column":31}},"3":{"start":{"line":14,"column":31},"end":{"line":18,"column":1}},"4":{"start":{"line":15,"column":4},"end":{"line":17,"column":null}},"5":{"start":{"line":14,"column":13},"end":{"line":14,"column":31}}},"fnMap":{"0":{"name":"(anonymous_0)","decl":{"start":{"line":3,"column":31},"end":{"line":3,"column":47}},"loc":{"start":{"line":3,"column":49},"end":{"line":12,"column":1}}},"1":{"name":"(anonymous_1)","decl":{"start":{"line":14,"column":31},"end":{"line":14,"column":47}},"loc":{"start":{"line":14,"column":49},"end":{"line":18,"column":1}}}},"branchMap":{},"s":{"0":2,"1":14,"2":2,"3":2,"4":14,"5":2},"f":{"0":14,"1":14},"b":{}}
,"/home/user_ubuntu/AlgoflexPublic/algoflex_backend/src/users/test/stubs/user.stub.ts": {"path":"/home/user_ubuntu/AlgoflexPublic/algoflex_backend/src/users/test/stubs/user.stub.ts","statementMap":{"0":{"start":{"line":4,"column":24},"end":{"line":14,"column":1}},"1":{"start":{"line":5,"column":4},"end":{"line":13,"column":null}},"2":{"start":{"line":4,"column":13},"end":{"line":4,"column":24}}},"fnMap":{"0":{"name":"(anonymous_0)","decl":{"start":{"line":4,"column":24},"end":{"line":4,"column":33}},"loc":{"start":{"line":4,"column":35},"end":{"line":14,"column":1}}}},"branchMap":{},"s":{"0":1,"1":12,"2":1},"f":{"0":12},"b":{}}
,"/home/user_ubuntu/AlgoflexPublic/algoflex_backend/src/users/user-meta/user-meta.controller.ts": {"path":"/home/user_ubuntu/AlgoflexPublic/algoflex_backend/src/users/user-meta/user-meta.controller.ts","statementMap":{"0":{"start":{"line":1,"column":0},"end":{"line":1,"column":115}},"1":{"start":{"line":2,"column":0},"end":{"line":2,"column":54}},"2":{"start":{"line":3,"column":0},"end":{"line":3,"column":63}},"3":{"start":{"line":4,"column":0},"end":{"line":4,"column":42}},"4":{"start":{"line":5,"column":0},"end":{"line":5,"column":98}},"5":{"start":{"line":10,"column":0},"end":{"line":55,"column":null}},"6":{"start":{"line":11,"column":31},"end":{"line":11,"column":48}},"7":{"start":{"line":15,"column":4},"end":{"line":15,"column":53}},"8":{"start":{"line":16,"column":4},"end":{"line":16,"column":51}},"9":{"start":{"line":25,"column":4},"end":{"line":25,"column":53}},"10":{"start":{"line":26,"column":4},"end":{"line":26,"column":63}},"11":{"start":{"line":35,"column":4},"end":{"line":35,"column":53}},"12":{"start":{"line":36,"column":4},"end":{"line":36,"column":69}},"13":{"start":{"line":46,"column":4},"end":{"line":46,"column":53}},"14":{"start":{"line":47,"column":4},"end":{"line":47,"column":47}},"15":{"start":{"line":51,"column":4},"end":{"line":53,"column":null}},"16":{"start":{"line":52,"column":6},"end":{"line":52,"column":54}},"17":{"start":{"line":14,"column":2},"end":{"line":17,"column":null}},"18":{"start":{"line":20,"column":2},"end":{"line":27,"column":null}},"19":{"start":{"line":30,"column":2},"end":{"line":37,"column":null}},"20":{"start":{"line":41,"column":2},"end":{"line":48,"column":null}},"21":{"start":{"line":10,"column":13},"end":{"line":55,"column":null}},"22":{"start":{"line":10,"column":13},"end":{"line":10,"column":31}}},"fnMap":{"0":{"name":"(anonymous_4)","decl":{"start":{"line":11,"column":2},"end":{"line":11,"column":31}},"loc":{"start":{"line":11,"column":63},"end":{"line":11,"column":67}}},"1":{"name":"(anonymous_5)","decl":{"start":{"line":14,"column":2},"end":{"line":14,"column":9}},"loc":{"start":{"line":14,"column":72},"end":{"line":17,"column":3}}},"2":{"name":"(anonymous_6)","decl":{"start":{"line":20,"column":2},"end":{"line":20,"column":9}},"loc":{"start":{"line":23,"column":43},"end":{"line":27,"column":3}}},"3":{"name":"(anonymous_7)","decl":{"start":{"line":30,"column":2},"end":{"line":30,"column":8}},"loc":{"start":{"line":33,"column":48},"end":{"line":37,"column":3}}},"4":{"name":"(anonymous_8)","decl":{"start":{"line":41,"column":2},"end":{"line":41,"column":8}},"loc":{"start":{"line":44,"column":35},"end":{"line":48,"column":3}}},"5":{"name":"(anonymous_9)","decl":{"start":{"line":50,"column":2},"end":{"line":50,"column":24}},"loc":{"start":{"line":50,"column":81},"end":{"line":54,"column":3}}}},"branchMap":{"0":{"loc":{"start":{"line":51,"column":4},"end":{"line":53,"column":null}},"type":"if","locations":[{"start":{"line":51,"column":4},"end":{"line":53,"column":null}}]},"1":{"loc":{"start":{"line":51,"column":8},"end":{"line":51,"column":68}},"type":"binary-expr","locations":[{"start":{"line":51,"column":8},"end":{"line":51,"column":39}},{"start":{"line":51,"column":43},"end":{"line":51,"column":68}}]},"2":{"loc":{"start":{"line":51,"column":8},"end":{"line":51,"column":17}},"type":"cond-expr","locations":[{"start":{"line":51,"column":12},"end":{"line":51,"column":14}},{"start":{"line":51,"column":8},"end":{"line":51,"column":17}}]},"3":{"loc":{"start":{"line":51,"column":8},"end":{"line":51,"column":14}},"type":"binary-expr","locations":[{"start":{"line":51,"column":8},"end":{"line":51,"column":14}},{"start":{"line":51,"column":8},"end":{"line":51,"column":14}}]},"4":{"loc":{"start":{"line":51,"column":43},"end":{"line":51,"column":53}},"type":"cond-expr","locations":[{"start":{"line":51,"column":47},"end":{"line":51,"column":49}},{"start":{"line":51,"column":43},"end":{"line":51,"column":53}}]},"5":{"loc":{"start":{"line":51,"column":43},"end":{"line":51,"column":49}},"type":"binary-expr","locations":[{"start":{"line":51,"column":43},"end":{"line":51,"column":49}},{"start":{"line":51,"column":43},"end":{"line":51,"column":49}}]}},"s":{"0":1,"1":1,"2":1,"3":1,"4":1,"5":1,"6":1,"7":0,"8":0,"9":0,"10":0,"11":0,"12":0,"13":0,"14":0,"15":0,"16":0,"17":1,"18":1,"19":1,"20":1,"21":1,"22":1},"f":{"0":1,"1":0,"2":0,"3":0,"4":0,"5":0},"b":{"0":[0],"1":[0,0],"2":[0,0],"3":[0,0],"4":[0,0],"5":[0,0]}}
,"/home/user_ubuntu/AlgoflexPublic/algoflex_backend/src/users/user-meta/user-meta.module.ts": {"path":"/home/user_ubuntu/AlgoflexPublic/algoflex_backend/src/users/user-meta/user-meta.module.ts","statementMap":{"0":{"start":{"line":1,"column":0},"end":{"line":1,"column":40}},"1":{"start":{"line":2,"column":0},"end":{"line":2,"column":54}},"2":{"start":{"line":3,"column":0},"end":{"line":3,"column":60}},"3":{"start":{"line":4,"column":0},"end":{"line":4,"column":48}},"4":{"start":{"line":5,"column":0},"end":{"line":5,"column":55}},"5":{"start":{"line":6,"column":0},"end":{"line":6,"column":95}},"6":{"start":{"line":13,"column":0},"end":{"line":13,"column":null}},"7":{"start":{"line":13,"column":13},"end":{"line":13,"column":null}},"8":{"start":{"line":13,"column":13},"end":{"line":13,"column":27}}},"fnMap":{},"branchMap":{},"s":{"0":0,"1":0,"2":0,"3":0,"4":0,"5":0,"6":0,"7":0,"8":0},"f":{},"b":{}}
,"/home/user_ubuntu/AlgoflexPublic/algoflex_backend/src/users/user-meta/user-meta.service.ts": {"path":"/home/user_ubuntu/AlgoflexPublic/algoflex_backend/src/users/user-meta/user-meta.service.ts","statementMap":{"0":{"start":{"line":1,"column":0},"end":{"line":1,"column":63}},"1":{"start":{"line":2,"column":0},"end":{"line":2,"column":51}},"2":{"start":{"line":3,"column":0},"end":{"line":3,"column":95}},"3":{"start":{"line":4,"column":0},"end":{"line":4,"column":37}},"4":{"start":{"line":6,"column":0},"end":{"line":6,"column":55}},"5":{"start":{"line":7,"column":0},"end":{"line":7,"column":43}},"6":{"start":{"line":10,"column":0},"end":{"line":54,"column":null}},"7":{"start":{"line":13,"column":21},"end":{"line":13,"column":41}},"8":{"start":{"line":15,"column":21},"end":{"line":15,"column":47}},"9":{"start":{"line":19,"column":4},"end":{"line":19,"column":52}},"10":{"start":{"line":23,"column":21},"end":{"line":26,"column":6}},"11":{"start":{"line":27,"column":4},"end":{"line":29,"column":null}},"12":{"start":{"line":28,"column":6},"end":{"line":28,"column":70}},"13":{"start":{"line":30,"column":4},"end":{"line":30,"column":20}},"14":{"start":{"line":34,"column":29},"end":{"line":34,"column":72}},"15":{"start":{"line":35,"column":27},"end":{"line":35,"column":97}},"16":{"start":{"line":36,"column":4},"end":{"line":38,"column":null}},"17":{"start":{"line":37,"column":6},"end":{"line":37,"column":98}},"18":{"start":{"line":39,"column":40},"end":{"line":43,"column":null}},"19":{"start":{"line":44,"column":4},"end":{"line":44,"column":50}},"20":{"start":{"line":48,"column":21},"end":{"line":48,"column":70}},"21":{"start":{"line":49,"column":4},"end":{"line":51,"column":null}},"22":{"start":{"line":50,"column":6},"end":{"line":50,"column":80}},"23":{"start":{"line":52,"column":4},"end":{"line":52,"column":52}},"24":{"start":{"line":10,"column":13},"end":{"line":54,"column":null}},"25":{"start":{"line":10,"column":13},"end":{"line":10,"column":28}}},"fnMap":{"0":{"name":"(anonymous_4)","decl":{"start":{"line":11,"column":2},"end":{"line":11,"column":null}},"loc":{"start":{"line":15,"column":73},"end":{"line":16,"column":6}}},"1":{"name":"(anonymous_5)","decl":{"start":{"line":18,"column":2},"end":{"line":18,"column":7}},"loc":{"start":{"line":18,"column":30},"end":{"line":20,"column":3}}},"2":{"name":"(anonymous_6)","decl":{"start":{"line":22,"column":2},"end":{"line":22,"column":7}},"loc":{"start":{"line":22,"column":50},"end":{"line":31,"column":3}}},"3":{"name":"(anonymous_7)","decl":{"start":{"line":33,"column":2},"end":{"line":33,"column":7}},"loc":{"start":{"line":33,"column":67},"end":{"line":45,"column":3}}},"4":{"name":"(anonymous_8)","decl":{"start":{"line":47,"column":2},"end":{"line":47,"column":7}},"loc":{"start":{"line":47,"column":33},"end":{"line":53,"column":3}}}},"branchMap":{"0":{"loc":{"start":{"line":27,"column":4},"end":{"line":29,"column":null}},"type":"if","locations":[{"start":{"line":27,"column":4},"end":{"line":29,"column":null}}]},"1":{"loc":{"start":{"line":36,"column":4},"end":{"line":38,"column":null}},"type":"if","locations":[{"start":{"line":36,"column":4},"end":{"line":38,"column":null}}]},"2":{"loc":{"start":{"line":49,"column":4},"end":{"line":51,"column":null}},"type":"if","locations":[{"start":{"line":49,"column":4},"end":{"line":51,"column":null}}]}},"s":{"0":2,"1":2,"2":2,"3":2,"4":2,"5":2,"6":2,"7":2,"8":2,"9":0,"10":0,"11":0,"12":0,"13":0,"14":0,"15":0,"16":0,"17":0,"18":0,"19":0,"20":0,"21":0,"22":0,"23":0,"24":2,"25":2},"f":{"0":2,"1":0,"2":0,"3":0,"4":0},"b":{"0":[0],"1":[0],"2":[0]}}
,"/home/user_ubuntu/AlgoflexPublic/algoflex_backend/src/users/user-meta/dto/create-user-meta.dto.ts": {"path":"/home/user_ubuntu/AlgoflexPublic/algoflex_backend/src/users/user-meta/dto/create-user-meta.dto.ts","statementMap":{"0":{"start":{"line":1,"column":0},"end":{"line":1,"column":43}},"1":{"start":{"line":5,"column":2},"end":{"line":5,"column":null}},"2":{"start":{"line":8,"column":2},"end":{"line":8,"column":null}},"3":{"start":{"line":3,"column":0},"end":{"line":3,"column":13}}},"fnMap":{},"branchMap":{},"s":{"0":1,"1":1,"2":1,"3":1},"f":{},"b":{}}
,"/home/user_ubuntu/AlgoflexPublic/algoflex_backend/src/users/user-meta/dto/update-user-meta.dto.ts": {"path":"/home/user_ubuntu/AlgoflexPublic/algoflex_backend/src/users/user-meta/dto/update-user-meta.dto.ts","statementMap":{"0":{"start":{"line":1,"column":0},"end":{"line":1,"column":46}},"1":{"start":{"line":2,"column":0},"end":{"line":2,"column":59}},"2":{"start":{"line":4,"column":0},"end":{"line":4,"column":13}}},"fnMap":{},"branchMap":{},"s":{"0":0,"1":0,"2":0},"f":{},"b":{}}
,"/home/user_ubuntu/AlgoflexPublic/algoflex_backend/src/users/user-meta/entities/user-meta.entity.ts": {"path":"/home/user_ubuntu/AlgoflexPublic/algoflex_backend/src/users/user-meta/entities/user-meta.entity.ts","statementMap":{"0":{"start":{"line":1,"column":0},"end":{"line":1,"column":44}},"1":{"start":{"line":2,"column":0},"end":{"line":2,"column":65}},"2":{"start":{"line":5,"column":0},"end":{"line":19,"column":null}},"3":{"start":{"line":8,"column":2},"end":{"line":8,"column":null}},"4":{"start":{"line":12,"column":2},"end":{"line":12,"column":null}},"5":{"start":{"line":15,"column":2},"end":{"line":15,"column":null}},"6":{"start":{"line":18,"column":2},"end":{"line":18,"column":null}},"7":{"start":{"line":5,"column":13},"end":{"line":19,"column":null}},"8":{"start":{"line":5,"column":13},"end":{"line":5,"column":21}}},"fnMap":{},"branchMap":{},"s":{"0":2,"1":2,"2":2,"3":2,"4":2,"5":2,"6":2,"7":2,"8":2},"f":{},"b":{}}
}
